Mandan_MG.bin
    time        crpval         somsc         somtc      som1c(2)      som2c(2)         som3c

 1959.00       'GI340'      6890.000      6998.665       275.600      2116.608      4497.792
 1959.08       'GI340'      6890.984      7003.177       273.810      2119.430      4497.744
 1959.17       'GI340'      6891.882      7009.556       272.538      2121.641      4497.703
 1959.25       'GI340'      6892.811      7014.432       271.454      2123.691      4497.667
 1959.33       'GI340'      6893.696      7017.920       270.488      2125.569      4497.639
 1959.42       'GI340'      6895.325      7018.129       268.668      2129.078      4497.580
 1959.50       'GI340'      6898.067      7013.394       264.208      2136.392      4497.468
 1959.58       'GI340'      6900.328      7000.529       252.129      2150.978      4497.221
 1959.67       'GI340'      6899.946      6996.609       238.563      2164.413      4496.971
 1959.75       'GI340'      6900.278      7010.087       232.094      2171.351      4496.833
 1959.83       'GI340'      6900.608      7029.544       229.983      2173.851      4496.775
 1959.92       'GI340'      6900.775      7052.314       229.814      2174.192      4496.769
 1960.00       'GI340'      6901.013      7072.807       229.762      2174.482      4496.769
 1960.08       'GI340'      6901.403      7091.206       229.760      2174.874      4496.769
 1960.17       'GI340'      6902.557      7103.052       229.937      2175.865      4496.754
 1960.25       'GI340'      6905.121      7104.930       230.333      2178.084      4496.704
 1960.33       'GI340'      6907.413      7108.601       230.579      2180.178      4496.656
 1960.42       'GI340'      6911.081      7109.580       230.876      2183.621      4496.584
 1960.50       'GI340'      6916.022      7105.313       230.161      2189.399      4496.462
 1960.58       'GI340'      6921.464      7108.988       228.387      2196.753      4496.325
 1960.67       'GI340'      6924.696      7123.342       227.705      2200.725      4496.266
 1960.75       'GI340'      6927.082      7133.464       227.146      2203.732      4496.204
 1960.83       'GI340'      6930.861      7128.211       225.749      2209.019      4496.093
 1960.92       'GI340'      6932.680      7128.454       224.601      2212.060      4496.019
 1961.00       'GI340'      6934.089      7130.797       223.656      2214.471      4495.962
 1961.08       'GI340'      6935.320      7134.457       222.871      2216.546      4495.904
 1961.17       'GI340'      6936.517      7138.307       222.212      2218.453      4495.853
 1961.25       'GI340'      6937.905      7140.628       221.502      2220.610      4495.793
 1961.33       'GI340'      6939.373      7141.793       220.730      2222.904      4495.738
 1961.42       'GI340'      6940.455      7146.174       220.155      2224.606      4495.695
 1961.50       'GI340'      6943.061      7151.461       219.236      2228.214      4495.611
 1961.58       'GI340'      6947.743      7154.132       216.755      2235.530      4495.458
 1961.67       'GI340'      6951.442      7164.238       215.254      2240.827      4495.361
 1961.75       'GI340'      6954.310      7174.629       214.269      2244.757      4495.284
 1961.83       'GI340'      6956.564      7179.700       213.263      2248.098      4495.203
 1961.92       'GI340'      6957.501      7191.130       213.006      2249.325      4495.170
 1962.00       'GI340'      6958.121      7201.940       212.952      2250.019      4495.150
 1962.08       'GI340'      6959.345      7208.573       212.992      2251.233      4495.121
 1962.17       'GI340'      6960.257      7215.987       213.058      2252.101      4495.098
 1962.25       'GI340'      6961.279      7222.317       213.221      2252.983      4495.074
 1962.33       'GI340'      6964.129      7221.477       213.602      2255.513      4495.015
 1962.42       'GI340'      6965.712      7225.726       213.701      2257.037      4494.974
 1962.50       'GI340'      6972.853      7214.023       213.118      2264.944      4494.791
 1962.58       'GI340'      6976.174      7219.844       212.155      2269.316      4494.703
 1962.67       'GI340'      6978.232      7228.589       211.561      2272.024      4494.646
 1962.75       'GI340'      6979.686      7238.525       211.372      2273.702      4494.611
 1962.83       'GI340'      6982.273      7241.092       211.082      2276.647      4494.544
 1962.92       'GI340'      6982.974      7249.666       210.997      2277.455      4494.521
 1963.00       'GI340'      6984.139      7254.214       210.984      2278.663      4494.491
 1963.08       'GI340'      6985.218      7260.734       211.015      2279.741      4494.462
 1963.17       'GI340'      6986.174      7266.394       211.092      2280.644      4494.438
 1963.25       'GI340'      6986.875      7272.113       211.182      2281.272      4494.421
 1963.33       'GI340'      6988.675      7273.796       211.467      2282.827      4494.381
 1963.42       'GI340'      6993.375      7267.300       211.715      2287.390      4494.269
 1963.50       'GI340'      6998.893      7259.510       210.322      2294.464      4494.108
 1963.58       'GI340'      7000.537      7266.557       209.824      2296.654      4494.059
 1963.67       'GI340'      7008.500      7247.388       202.878      2311.925      4493.697
 1963.75       'GI340'      7010.808      7243.290       196.824      2320.514      4493.470
 1963.83       'GI340'      7011.629      7248.937       195.003      2323.226      4493.400
 1963.92       'GI340'      7011.771      7260.588       194.688      2323.702      4493.382
 1964.00       'GI340'      7011.908      7271.202       194.540      2324.001      4493.367
 1964.08       'GI340'      7012.619      7277.221       194.306      2324.975      4493.338
 1964.17       'GI340'      7013.684      7280.865       193.972      2326.416      4493.296
 1964.25       'GI340'      7014.504      7285.638       193.730      2327.512      4493.262
 1964.33       'GI340'      7016.508      7286.096       193.306      2330.004      4493.198
 1964.42       'GI340'      7019.423      7281.888       192.230      2334.106      4493.087
 1964.50       'GI340'      7023.430      7284.645       190.809      2339.657      4492.964
 1964.58       'GI340'      7030.410      7263.073       180.555      2357.406      4492.449
 1964.67       'GI340'      7032.685      7257.545       171.724      2368.866      4492.094
 1964.75       'GI340'      7034.251      7255.439       165.581      2376.849      4491.821
 1964.83       'GI340'      7034.767      7256.362       162.382      2380.712      4491.672
 1964.92       'GI340'      7035.328      7260.340       160.774      2382.971      4491.583
 1965.00       'GI340'      7035.903      7265.147       159.592      2384.811      4491.500
 1965.08       'GI340'      7036.556      7271.279       158.773      2386.353      4491.430
 1965.17       'GI340'      7037.418      7276.937       158.150      2387.894      4491.374
 1965.25       'GI340'      7038.424      7281.784       157.656      2389.470      4491.298
 1965.33       'GI340'      7039.256      7285.596       157.323      2390.689      4491.243
 1965.42       'GI340'      7041.427      7290.657       156.833      2393.461      4491.132
 1965.50       'GI340'      7044.134      7300.908       156.452      2396.654      4491.028
 1965.58       'GI340'      7051.666      7296.179       154.793      2406.190      4490.684
 1965.67       'GI340'      7057.161      7283.836       148.170      2418.835      4490.155
 1965.75       'GI340'      7058.059      7298.360       146.492      2421.532      4490.035
 1965.83       'GI340'      7058.200      7317.584       146.425      2421.755      4490.020
 1965.92       'GI340'      7058.319      7335.087       146.438      2421.861      4490.020
 1966.00       'GI340'      7058.424      7350.866       146.471      2421.932      4490.020
 1966.08       'GI340'      7058.637      7365.044       146.536      2422.083      4490.018
 1966.17       'GI340'      7059.570      7376.517       146.949      2422.621      4490.000
 1966.25       'GI340'      7060.188      7387.154       147.272      2422.939      4489.977
 1966.33       'GI340'      7060.466      7397.473       147.432      2423.057      4489.977
 1966.42       'GI340'      7061.721      7406.458       147.983      2423.789      4489.949
 1966.50       'GI340'      7065.399      7411.505       149.840      2425.668      4489.891
 1966.58       'GI340'      7076.854      7400.694       155.127      2432.087      4489.639
 1966.67       'GI340'      7089.198      7386.810       157.161      2442.761      4489.275
 1966.75       'GI340'      7090.756      7394.804       157.189      2444.340      4489.227
 1966.83       'GI340'      7091.363      7402.678       157.248      2444.916      4489.200
 1966.92       'GI340'      7091.724      7410.587       157.302      2445.231      4489.191
 1967.00       'GI340'      7092.005      7417.711       157.367      2445.448      4489.191
 1967.08       'GI340'      7092.709      7423.024       157.565      2445.965      4489.179
 1967.17       'GI340'      7094.214      7424.762       158.030      2447.044      4489.140
 1967.25       'GI340'      7094.965      7429.047       158.304      2447.536      4489.125
 1967.33       'GI340'      7096.601      7430.661       158.882      2448.633      4489.085
 1967.42       'GI340'      7099.889      7428.998       159.846      2451.041      4489.002
 1967.50       'GI340'      7102.255      7430.399       160.393      2452.930      4488.932
 1967.58       'GI340'      7106.595      7429.315       161.215      2456.562      4488.818
 1967.67       'GI340'      7112.900      7423.583       161.602      2462.680      4488.618
 1967.75       'GI340'      7118.650      7417.336       160.310      2469.964      4488.377
 1967.83       'GI340'      7118.954      7423.359       160.198      2470.403      4488.353
 1967.92       'GI340'      7119.203      7429.354       160.173      2470.684      4488.346
 1968.00       'GI340'      7119.379      7434.822       160.170      2470.863      4488.346
 1968.08       'GI340'      7119.642      7439.686       160.182      2471.117      4488.343
 1968.17       'GI340'      7119.828      7443.940       160.206      2471.280      4488.342
 1968.25       'GI340'      7120.090      7447.754       160.247      2471.509      4488.333
 1968.33       'GI340'      7120.301      7451.308       160.297      2471.673      4488.331
 1968.42       'GI340'      7123.037      7448.842       160.832      2473.954      4488.251
 1968.50       'GI340'      7131.773      7432.072       160.145      2483.716      4487.912
 1968.58       'GI340'      7136.410      7426.575       157.357      2491.403      4487.650
 1968.67       'GI340'      7139.335      7427.638       155.773      2496.071      4487.492
 1968.75       'GI340'      7143.301      7427.120       153.006      2503.033      4487.262
 1968.83       'GI340'      7143.580      7434.744       152.793      2503.549      4487.237
 1968.92       'GI340'      7143.684      7442.019       152.739      2503.717      4487.228
 1969.00       'GI340'      7143.809      7448.708       152.721      2503.860      4487.228
 1969.08       'GI340'      7143.998      7454.726       152.718      2504.052      4487.228
 1969.17       'GI340'      7144.130      7460.037       152.727      2504.174      4487.228
 1969.25       'GI340'      7144.310      7464.805       152.751      2504.331      4487.228
 1969.33       'GI340'      7145.756      7465.798       152.975      2505.597      4487.185
 1969.42       'GI340'      7149.045      7462.453       153.253      2508.722      4487.070
 1969.50       'GI340'      7157.407      7447.657       151.541      2519.176      4486.690
 1969.58       'GI340'      7159.649      7451.037       150.417      2522.667      4486.565
 1969.67       'GI340'      7160.728      7457.105       150.016      2524.206      4486.505
 1969.75       'GI340'      7167.321      7440.416       145.034      2536.295      4485.993
 1969.83       'GI340'      7168.117      7447.437       144.344      2537.839      4485.934
 1969.92       'GI340'      7169.122      7449.980       143.786      2539.471      4485.865
 1970.00       'GI340'      7170.175      7449.839       143.113      2541.286      4485.775
 1970.08       'GI340'      7171.035      7450.871       142.598      2542.738      4485.700
 1970.17       'GI340'      7171.940      7451.659       142.124      2544.190      4485.627
 1970.25       'GI340'      7172.952      7451.790       141.626      2545.775      4485.550
 1970.33       'GI340'      7173.218      7457.692       141.501      2546.190      4485.527
 1970.42       'GI340'      7174.185      7463.319       141.392      2547.299      4485.493
 1970.50       'GI340'      7178.142      7459.200       140.674      2552.183      4485.285
 1970.58       'GI340'      7183.388      7447.126       137.066      2561.460      4484.861
 1970.67       'GI340'      7185.988      7450.370       135.187      2566.131      4484.670
 1970.75       'GI340'      7187.896      7456.796       134.022      2569.333      4484.542
 1970.83       'GI340'      7188.063      7467.212       133.959      2569.576      4484.528
 1970.92       'GI340'      7189.253      7471.673       133.894      2570.882      4484.477
 1971.00       'GI340'      7190.000      7478.804       133.889      2571.670      4484.441
 1971.08       'GI340'      7190.741      7485.279       133.974      2572.348      4484.419
 1971.17       'GI340'      7191.537      7490.837       134.111      2573.040      4484.386
 1971.25       'GI340'      7191.987      7496.486       134.233      2573.388      4484.365
 1971.33       'GI340'      7193.038      7500.295       134.513      2574.195      4484.330
 1971.42       'GI340'      7195.151      7502.099       135.087      2575.802      4484.262
 1971.50       'GI340'      7201.177      7494.424       136.143      2581.003      4484.031
 1971.58       'GI340'      7208.953      7480.419       134.665      2590.692      4483.595
 1971.67       'GI340'      7214.026      7465.853       129.062      2601.958      4483.007
 1971.75       'GI340'      7215.137      7464.828       126.794      2605.541      4482.803
 1971.83       'GI340'      7215.138      7467.781       126.285      2606.106      4482.747
 1971.92       'GI340'      7215.248      7472.638       126.166      2606.363      4482.720
 1972.00       'GI340'      7215.379      7477.462       126.041      2606.639      4482.699
 1972.08       'GI340'      7215.557      7481.938       125.915      2606.973      4482.668
 1972.17       'GI340'      7215.915      7486.333       125.839      2607.450      4482.626
 1972.25       'GI340'      7217.041      7488.788       125.760      2608.732      4482.549
 1972.33       'GI340'      7218.022      7491.388       125.728      2609.801      4482.494
 1972.42       'GI340'      7218.478      7494.739       125.730      2610.278      4482.469
 1972.50       'GI340'      7221.455      7493.362       125.696      2613.450      4482.309
 1972.58       'GI340'      7224.404      7494.185       125.453      2616.788      4482.164
 1972.67       'GI340'      7225.356      7499.323       125.426      2617.796      4482.134
 1972.75       'GI340'      7230.594      7493.861       124.831      2623.944      4481.819
 1972.83       'GI340'      7233.494      7490.387       123.580      2628.341      4481.573
 1972.92       'GI340'      7234.627      7491.494       122.978      2630.179      4481.470
 1973.00       'GI340'      7235.530      7493.855       122.598      2631.558      4481.374
 1973.08       'GI340'      7236.455      7496.714       122.347      2632.811      4481.297
 1973.17       'GI340'      7237.368      7499.917       122.200      2633.944      4481.225
 1973.25       'GI340'      7238.467      7502.273       122.122      2635.202      4481.143
 1973.33       'GI340'      7239.800      7503.279       122.050      2636.702      4481.049
 1973.42       'GI340'      7241.895      7502.407       121.869      2639.111      4480.915
 1973.50       'GI340'      7245.715      7497.202       120.886      2644.216      4480.613
 1973.58       'GI340'      7251.648      7486.232       116.722      2654.928      4479.999
 1973.67       'GI340'      7255.062      7478.355       111.459      2664.240      4479.364
 1973.75       'GI340'      7256.774      7477.634       108.463      2669.315      4478.996
 1973.83       'GI340'      7257.481      7482.489       107.888      2670.692      4478.902
 1973.92       'GI340'      7258.020      7488.648       107.688      2671.484      4478.848
 1974.00       'GI340'      7258.468      7496.384       107.641      2672.015      4478.812
 1974.08       'GI340'      7259.233      7503.514       107.709      2672.768      4478.756
 1974.17       'GI340'      7260.231      7509.990       107.925      2673.619      4478.688
 1974.25       'GI340'      7261.104      7516.418       108.163      2674.302      4478.638
 1974.33       'GI340'      7261.903      7521.736       108.437      2674.873      4478.593
 1974.42       'GI340'      7263.071      7525.624       108.818      2675.714      4478.539
 1974.50       'GI340'      7266.126      7526.295       109.850      2677.871      4478.405
 1974.58       'GI340'      7271.082      7526.640       110.991      2681.887      4478.204
 1974.67       'GI340'      7275.104      7525.810       111.578      2685.568      4477.957
 1974.75       'GI340'      7279.201      7527.845       111.953      2689.493      4477.755
 1974.83       'GI340'      7281.303      7529.004       111.998      2691.705      4477.599
 1974.92       'GI340'      7282.674      7531.990       112.065      2693.108      4477.501
 1975.00       'GI340'      7283.818      7535.901       112.203      2694.197      4477.418
 1975.08       'GI340'      7284.957      7540.126       112.413      2695.201      4477.343
 1975.17       'GI340'      7286.160      7544.133       112.697      2696.192      4477.271
 1975.25       'GI340'      7287.507      7547.456       113.078      2697.238      4477.191
 1975.33       'GI340'      7289.185      7549.246       113.551      2698.541      4477.093
 1975.42       'GI340'      7290.529      7550.827       113.917      2699.595      4477.017
 1975.50       'GI340'      7293.868      7551.620       114.507      2702.490      4476.871
 1975.58       'GI340'      7299.030      7548.502       114.835      2707.625      4476.569
 1975.67       'GI340'      7300.927      7558.348       114.915      2709.507      4476.505
 1975.75       'GI340'      7304.868      7564.648       115.434      2713.127      4476.308
 1975.83       'GI340'      7307.557      7569.442       115.867      2715.529      4476.162
 1975.92       'GI340'      7308.204      7581.041       116.046      2716.037      4476.120
 1976.00       'GI340'      7308.582      7590.910       116.240      2716.244      4476.099
 1976.08       'GI340'      7308.839      7599.375       116.402      2716.368      4476.069
 1976.17       'GI340'      7309.368      7606.990       116.631      2716.692      4476.045
 1976.25       'GI340'      7310.827      7611.007       117.374      2717.450      4476.003
 1976.33       'GI340'      7311.932      7617.020       117.906      2718.059      4475.967
 1976.42       'GI340'      7313.411      7623.312       118.597      2718.884      4475.930
 1976.50       'GI340'      7320.459      7618.130       121.840      2722.901      4475.718
 1976.58       'GI340'      7328.286      7611.613       124.060      2728.828      4475.399
 1976.67       'GI340'      7338.102      7594.258       123.156      2740.185      4474.761
 1976.75       'GI340'      7342.544      7584.017       119.243      2749.070      4474.231
 1976.83       'GI340'      7344.046      7581.370       117.145      2752.925      4473.976
 1976.92       'GI340'      7344.765      7582.693       116.296      2754.604      4473.864
 1977.00       'GI340'      7345.344      7585.284       115.784      2755.787      4473.773
 1977.08       'GI340'      7345.999      7588.402       115.455      2756.846      4473.698
 1977.17       'GI340'      7346.725      7591.188       115.231      2757.877      4473.616
 1977.25       'GI340'      7347.555      7593.329       115.089      2758.933      4473.532
 1977.33       'GI340'      7348.500      7594.925       115.002      2760.048      4473.451
 1977.42       'GI340'      7350.642      7593.643       114.761      2762.595      4473.286
 1977.50       'GI340'      7354.184      7588.059       113.643      2767.596      4472.944
 1977.58       'GI340'      7357.726      7580.550       110.763      2774.531      4472.431
 1977.67       'GI340'      7360.885      7571.017       106.020      2783.135      4471.729
 1977.75       'GI340'      7362.031      7568.156       103.116      2787.617      4471.297
 1977.83       'GI340'      7362.650      7572.543       102.563      2788.896      4471.191
 1977.92       'GI340'      7362.720      7578.175       102.421      2789.160      4471.138
 1978.00       'GI340'      7362.930      7585.329       102.406      2789.422      4471.102
 1978.08       'GI340'      7363.554      7592.967       102.510      2789.991      4471.052
 1978.17       'GI340'      7364.317      7600.463       102.749      2790.568      4471.000
 1978.25       'GI340'      7365.616      7604.874       103.254      2791.443      4470.919
 1978.33       'GI340'      7366.862      7608.915       103.703      2792.308      4470.851
 1978.42       'GI340'      7369.153      7610.443       104.488      2793.930      4470.734
 1978.50       'GI340'      7372.825      7608.802       105.627      2796.681      4470.517
 1978.58       'GI340'      7378.447      7604.696       106.199      2802.118      4470.130
 1978.67       'GI340'      7380.391      7612.111       106.228      2804.108      4470.054
 1978.75       'GI340'      7382.748      7615.345       106.558      2806.280      4469.910
 1978.83       'GI340'      7383.967      7619.247       106.752      2807.387      4469.828
 1978.92       'GI340'      7385.600      7621.633       107.067      2808.821      4469.711
 1979.00       'GI340'      7386.747      7626.094       107.353      2809.766      4469.627
 1979.08       'GI340'      7387.916      7630.830       107.720      2810.644      4469.552
 1979.17       'GI340'      7389.134      7635.714       108.154      2811.501      4469.479
 1979.25       'GI340'      7390.435      7639.926       108.677      2812.354      4469.403
 1979.33       'GI340'      7391.964      7642.637       109.286      2813.363      4469.315
 1979.42       'GI340'      7393.134      7646.729       109.650      2814.221      4469.262
 1979.50       'GI340'      7398.448      7641.886       111.258      2818.207      4468.983
 1979.58       'GI340'      7404.629      7635.166       111.720      2824.371      4468.539
 1979.67       'GI340'      7407.706      7628.872       110.000      2829.646      4468.060
 1979.75       'GI340'      7409.631      7630.434       109.201      2832.599      4467.832
 1979.83       'GI340'      7410.290      7635.297       109.015      2833.515      4467.759
 1979.92       'GI340'      7410.412      7641.394       108.990      2833.696      4467.726
 1980.00       'GI340'      7410.476      7648.835       109.003      2833.749      4467.725
 1980.08       'GI340'      7410.556      7656.719       109.029      2833.802      4467.725
 1980.17       'GI340'      7410.666      7664.504       109.068      2833.873      4467.725
 1980.25       'GI340'      7410.885      7672.153       109.162      2834.014      4467.709
 1980.33       'GI340'      7411.615      7679.044       109.474      2834.455      4467.687
 1980.42       'GI340'      7412.193      7689.100       109.810      2834.725      4467.658
 1980.50       'GI340'      7413.913      7699.924       110.643      2835.663      4467.608
 1980.58       'GI340'      7423.516      7698.119       114.944      2841.244      4467.328
 1980.67       'GI340'      7428.277      7699.750       117.039      2844.122      4467.117
 1980.75       'GI340'      7433.598      7696.794       118.512      2848.275      4466.811
 1980.83       'GI340'      7434.989      7705.390       118.819      2849.421      4466.750
 1980.92       'GI340'      7435.498      7714.149       119.049      2849.729      4466.721
 1981.00       'GI340'      7435.765      7722.569       119.216      2849.859      4466.691
 1981.08       'GI340'      7436.282      7729.978       119.475      2850.140      4466.667
 1981.17       'GI340'      7436.619      7736.769       119.697      2850.281      4466.640
 1981.25       'GI340'      7437.154      7742.602       120.035      2850.503      4466.617
 1981.33       'GI340'      7437.674      7748.470       120.302      2850.765      4466.607
 1981.42       'GI340'      7439.998      7749.849       121.641      2851.819      4466.538
 1981.50       'GI340'      7445.737      7745.326       124.460      2854.912      4466.366
 1981.58       'GI340'      7456.465      7726.959       127.458      2863.131      4465.876
 1981.67       'GI340'      7463.045      7715.574       125.374      2872.294      4465.377
 1981.75       'GI340'      7466.575      7715.392       123.662      2877.813      4465.101
 1981.83       'GI340'      7467.565      7720.923       123.110      2879.457      4464.998
 1981.92       'GI340'      7467.749      7729.490       123.084      2879.680      4464.985
 1982.00       'GI340'      7467.981      7737.415       123.095      2879.902      4464.985
 1982.08       'GI340'      7468.386      7744.711       123.125      2880.276      4464.985
 1982.17       'GI340'      7469.173      7749.277       123.309      2880.905      4464.959
 1982.25       'GI340'      7470.682      7748.943       123.781      2882.017      4464.883
 1982.33       'GI340'      7472.139      7748.814       124.194      2883.140      4464.805
 1982.42       'GI340'      7474.706      7747.379       124.769      2885.256      4464.682
 1982.50       'GI340'      7478.896      7739.577       124.989      2889.481      4464.425
 1982.58       'GI340'      7484.363      7735.269       123.871      2896.406      4464.085
 1982.67       'GI340'      7487.395      7744.257       123.586      2899.813      4463.996
 1982.75       'GI340'      7489.479      7749.169       123.390      2902.216      4463.873
 1982.83       'GI340'      7491.947      7745.365       123.038      2905.228      4463.681
 1982.92       'GI340'      7493.062      7745.177       122.744      2906.734      4463.583
 1983.00       'GI340'      7493.944      7746.317       122.545      2907.902      4463.498
 1983.08       'GI340'      7494.723      7748.351       122.427      2908.872      4463.424
 1983.17       'GI340'      7495.501      7750.483       122.379      2909.765      4463.357
 1983.25       'GI340'      7496.449      7751.690       122.365      2910.802      4463.282
 1983.33       'GI340'      7497.479      7752.104       122.365      2911.914      4463.201
 1983.42       'GI340'      7498.423      7753.145       122.359      2912.931      4463.133
 1983.50       'GI340'      7500.760      7755.566       122.489      2915.281      4462.990
 1983.58       'GI340'      7505.620      7754.717       122.076      2920.840      4462.704
 1983.67       'GI340'      7509.385      7761.454       121.906      2924.923      4462.556
 1983.75       'GI340'      7512.148      7767.957       121.929      2927.787      4462.433
 1983.83       'GI340'      7514.191      7770.819       121.979      2929.905      4462.308
 1983.92       'GI340'      7514.876      7778.293       122.081      2930.536      4462.259
 1984.00       'GI340'      7515.269      7785.409       122.224      2930.807      4462.237
 1984.08       'GI340'      7516.155      7789.944       122.506      2931.454      4462.196
 1984.17       'GI340'      7516.812      7794.758       122.760      2931.884      4462.168
 1984.25       'GI340'      7517.533      7798.950       123.081      2932.322      4462.130
 1984.33       'GI340'      7519.628      7798.141       123.946      2933.636      4462.046
 1984.42       'GI340'      7520.895      7800.150       124.452      2934.461      4461.982
 1984.50       'GI340'      7527.194      7790.008       125.989      2939.526      4461.680
 1984.58       'GI340'      7530.392      7792.411       126.089      2942.782      4461.520
 1984.67       'GI340'      7532.088      7798.271       126.159      2944.495      4461.435
 1984.75       'GI340'      7533.529      7804.944       126.326      2945.824      4461.379
 1984.83       'GI340'      7535.673      7805.949       126.751      2947.651      4461.271
 1984.92       'GI340'      7536.162      7811.891       126.879      2948.042      4461.242
 1985.00       'GI340'      7537.024      7814.944       127.113      2948.712      4461.199
 1985.08       'GI340'      7537.835      7819.560       127.358      2949.317      4461.160
 1985.17       'GI340'      7538.536      7823.581       127.605      2949.801      4461.130
 1985.25       'GI340'      7539.061      7827.586       127.822      2950.129      4461.109
 1985.33       'GI340'      7540.352      7828.688       128.399      2950.900      4461.053
 1985.42       'GI340'      7543.868      7823.102       129.729      2953.250      4460.890
 1985.50       'GI340'      7548.836      7814.945       130.257      2957.954      4460.625
 1985.58       'GI340'      7550.276      7819.526       130.290      2959.443      4460.543
 1985.67       'GI340'      7557.094      7803.193       128.156      2968.947      4459.991
 1985.75       'GI340'      7559.320      7796.825       125.098      2974.609      4459.613
 1985.83       'GI340'      7560.060      7799.675       124.272      2976.281      4459.507
 1985.92       'GI340'      7560.140      7808.263       124.153      2976.507      4459.479
 1986.00       'GI340'      7560.215      7816.104       124.130      2976.635      4459.449
 1986.08       'GI340'      7560.778      7820.563       124.178      2977.194      4459.406
 1986.17       'GI340'      7561.604      7822.421       124.276      2977.978      4459.350
 1986.25       'GI340'      7562.261      7825.785       124.375      2978.582      4459.304
 1986.33       'GI340'      7563.796      7826.152       124.633      2979.940      4459.223
 1986.42       'GI340'      7566.184      7822.360       124.841      2982.274      4459.068
 1986.50       'GI340'      7570.023      7822.968       124.753      2986.394      4458.876
 1986.58       'GI340'      7576.312      7804.551       120.878      2997.261      4458.173
 1986.67       'GI340'      7578.712      7796.899       116.358      3004.702      4457.651
 1986.75       'GI340'      7580.271      7793.764       113.336      3009.656      4457.279
 1986.83       'GI340'      7580.675      7793.734       111.897      3011.696      4457.082
 1986.92       'GI340'      7581.137      7796.630       111.306      3012.847      4456.984
 1987.00       'GI340'      7581.581      7800.184       110.954      3013.731      4456.896
 1987.08       'GI340'      7582.089      7804.869       110.797      3014.470      4456.822
 1987.17       'GI340'      7582.757      7809.252       110.784      3015.219      4456.753
 1987.25       'GI340'      7583.553      7812.975       110.878      3015.997      4456.678
 1987.33       'GI340'      7584.233      7815.643       111.019      3016.601      4456.613
 1987.42       'GI340'      7586.009      7819.239       111.446      3018.083      4456.479
 1987.50       'GI340'      7588.731      7826.181       111.946      3020.452      4456.333
 1987.58       'GI340'      7594.959      7821.739       112.892      3026.147      4455.920
 1987.67       'GI340'      7599.522      7809.185       110.492      3033.773      4455.258
 1987.75       'GI340'      7600.233      7819.136       109.571      3035.580      4455.082
 1987.83       'GI340'      7600.335      7834.860       109.580      3035.692      4455.063
 1987.92       'GI340'      7600.425      7849.242       109.620      3035.740      4455.063
 1988.00       'GI340'      7600.505      7862.221       109.668      3035.773      4455.063
 1988.08       'GI340'      7600.669      7873.924       109.736      3035.871      4455.062
 1988.17       'GI340'      7601.401      7883.400       110.180      3036.184      4455.037
 1988.25       'GI340'      7601.812      7892.324       110.463      3036.335      4455.015
 1988.33       'GI340'      7602.035      7900.848       110.631      3036.389      4455.015
 1988.42       'GI340'      7603.125      7908.269       111.228      3036.914      4454.984
 1988.50       'GI340'      7606.411      7912.112       113.288      3038.218      4454.906
 1988.58       'GI340'      7614.993      7903.295       118.259      3042.130      4454.604
 1988.67       'GI340'      7625.106      7890.614       122.156      3048.768      4454.183
 1988.75       'GI340'      7626.534      7897.229       122.435      3049.973      4454.126
 1988.83       'GI340'      7627.046      7903.777       122.620      3050.332      4454.094
 1988.92       'GI340'      7627.354      7910.520       122.712      3050.560      4454.083
 1989.00       'GI340'      7627.583      7916.604       122.802      3050.698      4454.083
 1989.08       'GI340'      7628.156      7921.145       123.053      3051.034      4454.069
 1989.17       'GI340'      7629.356      7922.581       123.645      3051.689      4454.022
 1989.25       'GI340'      7629.954      7926.202       123.997      3051.950      4454.006
 1989.33       'GI340'      7631.280      7927.452       124.730      3052.592      4453.958
 1989.42       'GI340'      7634.041      7925.654       126.066      3054.115      4453.859
 1989.50       'GI340'      7636.028      7926.434       126.938      3055.313      4453.777
 1989.58       'GI340'      7639.546      7925.347       128.240      3057.661      4453.645
 1989.67       'GI340'      7644.571      7919.908       129.587      3061.564      4453.420
 1989.75       'GI340'      7649.112      7913.728       129.629      3066.337      4453.146
 1989.83       'GI340'      7649.349      7918.890       129.614      3066.617      4453.118
 1989.92       'GI340'      7649.558      7924.164       129.631      3066.818      4453.108
 1990.00       'GI340'      7649.704      7928.983       129.655      3066.941      4453.108
 1990.08       'GI340'      7649.924      7933.279       129.699      3067.120      4453.105
 1990.17       'GI340'      7650.070      7937.018       129.755      3067.213      4453.103
 1990.25       'GI340'      7650.280      7940.383       129.830      3067.355      4453.095
 1990.33       'GI340'      7650.446      7943.520       129.911      3067.444      4453.091
 1990.42       'GI340'      7652.509      7941.620       130.760      3068.743      4453.005
 1990.50       'GI340'      7659.449      7925.618       131.913      3074.908      4452.628
 1990.58       'GI340'      7663.132      7919.570       130.607      3080.203      4452.322
 1990.67       'GI340'      7665.243      7920.281       129.926      3083.165      4452.152
 1990.75       'GI340'      7668.321      7918.718       128.399      3088.032      4451.889
 1990.83       'GI340'      7668.527      7925.334       128.278      3088.390      4451.859
 1990.92       'GI340'      7668.598      7931.820       128.265      3088.485      4451.848
 1991.00       'GI340'      7668.693      7937.801       128.273      3088.573      4451.848
 1991.08       'GI340'      7668.845      7943.184       128.295      3088.702      4451.848
 1991.17       'GI340'      7668.943      7947.935       128.329      3088.766      4451.848
 1991.25       'GI340'      7669.088      7952.206       128.378      3088.862      4451.848
 1991.33       'GI340'      7670.195      7953.267       128.764      3089.626      4451.805
 1991.42       'GI340'      7672.715      7950.344       129.513      3091.513      4451.689
 1991.50       'GI340'      7679.543      7935.298       129.622      3098.655      4451.266
 1991.58       'GI340'      7681.275      7937.407       129.005      3101.156      4451.114
 1991.67       'GI340'      7682.036      7942.841       128.855      3102.132      4451.049
 1991.75       'GI340'      7686.564      7926.442       126.188      3109.878      4450.498
 1991.83       'GI340'      7687.182      7932.231       125.650      3111.106      4450.425
 1991.92       'GI340'      7687.892      7934.767       125.388      3112.147      4450.355
 1992.00       'GI340'      7688.611      7934.457       125.069      3113.272      4450.269
 1992.08       'GI340'      7689.203      7935.286       124.836      3114.173      4450.193
 1992.17       'GI340'      7689.836      7935.913       124.642      3115.072      4450.123
 1992.25       'GI340'      7690.556      7935.921       124.446      3116.060      4450.050
 1992.33       'GI340'      7690.744      7941.371       124.402      3116.316      4450.025
 1992.42       'GI340'      7691.537      7946.707       124.433      3117.114      4449.990
 1992.50       'GI340'      7694.753      7941.987       124.510      3120.482      4449.761
 1992.58       'GI340'      7698.414      7929.165       122.311      3126.815      4449.288
 1992.67       'GI340'      7700.268      7931.821       121.038      3130.149      4449.081
 1992.75       'GI340'      7701.684      7937.684       120.277      3132.466      4448.940
 1992.83       'GI340'      7701.802      7947.749       120.255      3132.621      4448.926
 1992.92       'GI340'      7702.753      7952.077       120.357      3133.519      4448.878
 1993.00       'GI340'      7703.350      7958.957       120.465      3134.044      4448.841
 1993.08       'GI340'      7703.959      7965.207       120.642      3134.498      4448.819
 1993.17       'GI340'      7704.616      7970.560       120.876      3134.954      4448.785
 1993.25       'GI340'      7704.985      7976.018       121.060      3135.163      4448.763
 1993.33       'GI340'      7705.875      7979.683       121.444      3135.702      4448.729
 1993.42       'GI340'      7707.715      7981.339       122.233      3136.823      4448.660
 1993.50       'GI340'      7712.882      7973.423       124.044      3140.419      4448.418
 1993.58       'GI340'      7719.039      7958.610       123.830      3147.258      4447.951
 1993.67       'GI340'      7721.871      7943.425       119.767      3154.765      4447.339
 1993.75       'GI340'      7722.234      7942.107       118.021      3157.087      4447.126
 1993.83       'GI340'      7722.071      7944.998       117.653      3157.347      4447.071
 1993.92       'GI340'      7722.127      7949.786       117.576      3157.508      4447.043
 1994.00       'GI340'      7722.183      7954.544       117.512      3157.649      4447.021
 1994.08       'GI340'      7722.268      7958.975       117.475      3157.801      4446.991
 1994.17       'GI340'      7722.507      7963.307       117.493      3158.064      4446.950
 1994.25       'GI340'      7723.358      7965.758       117.618      3158.861      4446.880
 1994.33       'GI340'      7724.142      7968.272       117.728      3159.588      4446.827
 1994.42       'GI340'      7724.543      7971.506       117.792      3159.952      4446.799
 1994.50       'GI340'      7726.974      7969.827       118.195      3162.144      4446.635
 1994.58       'GI340'      7729.397      7970.384       118.329      3164.581      4446.487
 1994.67       'GI340'      7730.187      7975.488       118.385      3165.344      4446.458
 1994.75       'GI340'      7734.250      7969.910       118.597      3169.509      4446.144
 1994.83       'GI340'      7736.354      7965.792       117.897      3172.567      4445.889
 1994.92       'GI340'      7737.099      7966.667       117.535      3173.781      4445.782
 1995.00       'GI340'      7737.712      7968.910       117.343      3174.669      4445.701
 1995.08       'GI340'      7738.370      7971.660       117.259      3175.484      4445.627
 1995.17       'GI340'      7739.043      7974.759       117.265      3176.215      4445.562
 1995.25       'GI340'      7739.878      7977.042       117.353      3177.036      4445.489
 1995.33       'GI340'      7740.867      7977.948       117.484      3177.980      4445.403
 1995.42       'GI340'      7742.479      7977.002       117.601      3179.608      4445.270
 1995.50       'GI340'      7745.298      7971.243       117.231      3183.093      4444.974
 1995.58       'GI340'      7749.034      7959.594       114.272      3190.392      4444.371
 1995.67       'GI340'      7750.303      7950.808       110.051      3196.507      4443.744
 1995.75       'GI340'      7750.787      7948.961       107.416      3200.015      4443.356
 1995.83       'GI340'      7751.162      7953.645       106.947      3200.955      4443.260
 1995.92       'GI340'      7751.515      7959.761       106.820      3201.492      4443.203
 1996.00       'GI340'      7751.852      7967.531       106.824      3201.863      4443.164
 1996.08       'GI340'      7752.439      7974.863       106.968      3202.364      4443.108
 1996.17       'GI340'      7753.231      7981.501       107.288      3202.906      4443.037
 1996.25       'GI340'      7753.961      7987.994       107.609      3203.365      4442.988
 1996.33       'GI340'      7754.640      7993.372       107.952      3203.745      4442.943
 1996.42       'GI340'      7755.649      7997.282       108.412      3204.346      4442.891
 1996.50       'GI340'      7758.280      7997.805       109.666      3205.854      4442.761
 1996.58       'GI340'      7762.528      7997.830       111.124      3208.833      4442.572
 1996.67       'GI340'      7765.782      7996.700       112.079      3211.370      4442.333
 1996.75       'GI340'      7769.162      7998.411       112.745      3214.276      4442.141
 1996.83       'GI340'      7770.792      7999.378       113.010      3215.791      4441.991
 1996.92       'GI340'      7771.864      8002.327       113.214      3216.753      4441.897
 1997.00       'GI340'      7772.786      8006.244       113.467      3217.493      4441.826
 1997.08       'GI340'      7773.722      8010.470       113.781      3218.190      4441.750
 1997.17       'GI340'      7774.732      8014.476       114.168      3218.882      4441.682
 1997.25       'GI340'      7775.869      8017.793       114.661      3219.600      4441.608
 1997.33       'GI340'      7777.293      8019.522       115.268      3220.505      4441.521
 1997.42       'GI340'      7778.416      8021.077       115.745      3221.226      4441.445
 1997.50       'GI340'      7781.257      8021.676       116.520      3223.431      4441.306
 1997.58       'GI340'      7785.444      8018.154       117.222      3227.203      4441.020
 1997.67       'GI340'      7787.076      8028.337       117.379      3228.740      4440.957
 1997.75       'GI340'      7790.404      8034.642       118.159      3231.478      4440.768
 1997.83       'GI340'      7792.685      8039.398       118.787      3233.269      4440.628
 1997.92       'GI340'      7793.238      8051.350       119.021      3233.630      4440.587
 1998.00       'GI340'      7793.571      8061.764       119.250      3233.755      4440.567
 1998.08       'GI340'      7793.804      8070.657       119.435      3233.832      4440.537
 1998.17       'GI340'      7794.277      8078.646       119.681      3234.081      4440.515
 1998.25       'GI340'      7795.612      8082.956       120.491      3234.644      4440.478
 1998.33       'GI340'      7796.667      8089.024       121.099      3235.128      4440.441
 1998.42       'GI340'      7798.053      8095.434       121.861      3235.788      4440.405
 1998.50       'GI340'      7804.446      8089.990       125.413      3238.824      4440.208
 1998.58       'GI340'      7811.631      8082.558       128.180      3243.547      4439.904
 1998.67       'GI340'      7819.609      8064.444       128.088      3252.208      4439.313
 1998.75       'GI340'      7822.592      8052.545       124.483      3259.309      4438.800
 1998.83       'GI340'      7823.344      8049.452       122.513      3262.275      4438.556
 1998.92       'GI340'      7823.729      8050.575       121.698      3263.588      4438.443
 1999.00       'GI340'      7824.079      8053.107       121.220      3264.492      4438.367
 1999.08       'GI340'      7824.522      8056.242       120.928      3265.299      4438.295
 1999.17       'GI340'      7825.053      8059.045       120.747      3266.077      4438.228
 1999.25       'GI340'      7825.683      8061.184       120.653      3266.875      4438.155
 1999.33       'GI340'      7826.415      8062.796       120.616      3267.720      4438.080
 1999.42       'GI340'      7828.078      8061.364       120.487      3269.663      4437.929
 1999.50       'GI340'      7830.639      8055.402       119.617      3273.408      4437.615
 1999.58       'GI340'      7832.833      8046.805       116.993      3278.710      4437.129
 1999.67       'GI340'      7834.056      8036.375       112.605      3284.967      4436.484
 1999.75       'GI340'      7834.065      8032.561       109.697      3288.304      4436.063
 1999.83       'GI340'      7834.389      8036.896       109.140      3289.291      4435.958
 1999.92       'GI340'      7834.382      8042.782       109.010      3289.468      4435.904
 2000.00       'GI340'      7834.509      8050.229       109.009      3289.632      4435.868
 2000.08       'GI340'      7835.027      8058.151       109.141      3290.069      4435.818
 2000.17       'GI340'      7835.688      8065.972       109.414      3290.507      4435.768
 2000.25       'GI340'      7836.831      8070.496       109.982      3291.150      4435.698
 2000.33       'GI340'      7837.936      8074.680       110.482      3291.820      4435.634
 2000.42       'GI340'      7839.961      8076.167       111.350      3293.088      4435.522
 2000.50       'GI340'      7843.129      8074.265       112.631      3295.180      4435.318
 2000.58       'GI340'      7847.793      8069.545       113.425      3299.405      4434.964
 2000.67       'GI340'      7849.493      8077.059       113.495      3301.105      4434.893
 2000.75       'GI340'      7851.490      8080.271       113.907      3302.826      4434.758
 2000.83       'GI340'      7852.539      8084.347       114.155      3303.704      4434.679
 2000.92       'GI340'      7853.941      8086.701       114.552      3304.821      4434.568
 2001.00       'GI340'      7854.943      8091.283       114.899      3305.552      4434.492
 2001.08       'GI340'      7855.986      8096.159       115.326      3306.237      4434.423
 2001.17       'GI340'      7857.091      8101.193       115.822      3306.904      4434.365
 2001.25       'GI340'      7858.275      8105.505       116.410      3307.573      4434.292
 2001.33       'GI340'      7859.679      8108.247       117.091      3308.375      4434.213
 2001.42       'GI340'      7860.747      8112.707       117.493      3309.091      4434.163
 2001.50       'GI340'      7865.475      8107.424       119.296      3312.273      4433.906
 2001.58       'GI340'      7870.786      8100.132       120.061      3317.227      4433.498
 2001.67       'GI340'      7872.917      8092.904       118.512      3321.351      4433.054
 2001.75       'GI340'      7874.339      8094.331       117.781      3323.711      4432.847
 2001.83       'GI340'      7874.856      8099.624       117.617      3324.457      4432.782
 2001.92       'GI340'      7874.940      8106.447       117.603      3324.587      4432.750
 2002.00       'GI340'      7874.994      8114.481       117.621      3324.624      4432.749
 2002.08       'GI340'      7875.070      8122.842       117.653      3324.668      4432.749
 2002.17       'GI340'      7875.171      8131.330       117.697      3324.725      4432.749
 2002.25       'GI340'      7875.386      8139.797       117.802      3324.846      4432.738
 2002.33       'GI340'      7876.060      8147.667       118.133      3325.208      4432.719
 2002.42       'GI340'      7876.667      8159.031       118.528      3325.448      4432.690
 2002.50       'GI340'      7878.413      8169.908       119.477      3326.289      4432.647
 2002.58       'GI340'      7887.584      8167.422       124.125      3331.064      4432.396
 2002.67       'GI340'      7891.412      8170.810       126.055      3333.124      4432.234
 2002.75       'GI340'      7897.415      8164.436       128.255      3337.251      4431.909
 2002.83       'GI340'      7898.678      8173.298       128.588      3338.238      4431.852
 2002.92       'GI340'      7899.178      8182.299       128.843      3338.513      4431.822
 2003.00       'GI340'      7899.433      8191.023       129.019      3338.620      4431.793
 2003.08       'GI340'      7900.008      8198.639       129.315      3338.917      4431.776
 2003.17       'GI340'      7900.758      8205.097       129.733      3339.264      4431.761
 2003.25       'GI340'      7901.337      8210.904       130.134      3339.458      4431.745
 2003.33       'GI340'      7901.942      8216.514       130.520      3339.701      4431.722
 2003.42       'GI340'      7906.405      8210.903       133.059      3341.758      4431.588
 2003.50       'GI340'      7913.043      8197.147       135.985      3345.744      4431.313
 2003.58       'GI340'      7915.637      8196.359       136.466      3347.998      4431.172
 2003.67       'GI340'      7916.777      8203.431       136.636      3349.012      4431.129
 2003.75       'GI340'      7922.401      8191.585       137.058      3354.576      4430.767
 2003.83       'GI340'      7922.788      8198.489       137.006      3355.051      4430.731
 2003.92       'GI340'      7923.796      8202.373       137.064      3356.056      4430.676
 2004.00       'GI340'      7924.529      8206.288       137.143      3356.750      4430.637
