Mandan_FCW.bin
    time        crpval         somsc         somtc      som1c(2)      som2c(2)         som3c

 1959.00       'GI340'      7730.000      7838.665       309.200      2374.656      5046.144
 1959.08       'GI340'      7730.671      7842.864       306.818      2377.760      5046.094
 1959.17       'GI340'      7731.329      7849.001       305.086      2380.190      5046.053
 1959.25       'GI340'      7732.032      7853.649       303.585      2382.436      5046.012
 1959.33       'GI340'      7732.700      7856.934       302.233      2384.494      5045.974
 1959.42       'GI340'      7733.970      7856.794       299.722      2388.336      5045.912
 1959.50       'GI340'      7736.049      7850.566       293.537      2396.737      5045.775
 1959.58       'GI340'      7736.516      7834.527       277.345      2413.704      5045.466
 1959.67       'GI340'      7733.762      7825.036       258.292      2430.351      5045.120
 1959.75       'GI340'      7732.773      7832.351       248.675      2439.178      5044.920
 1959.83       'GI340'      7732.591      7848.312       245.532      2442.218      5044.841
 1959.92       'GI340'      7732.693      7868.226       245.233      2442.634      5044.826
 1960.00       'GI340'      7732.891      7886.294       245.127      2442.941      5044.823
 1960.08       'GI340'      7733.252      7902.542       245.075      2443.354      5044.823
 1960.17       'GI340'      7734.216      7912.819       245.053      2444.362      5044.800
 1960.25       'GI340'      7736.266      7913.933       244.941      2446.587      5044.738
 1960.33       'GI340'      7738.236      7915.492       244.698      2448.864      5044.673
 1960.42       'GI340'      7741.519      7915.192       244.151      2452.793      5044.575
 1960.50       'GI340'      7745.932      7906.150       241.361      2460.188      5044.383
 1960.58       'GI340'      7750.327      7907.502       236.497      2469.672      5044.157
 1960.67       'GI340'      7753.230      7922.817       234.983      2474.174      5044.073
 1960.75       'GI340'      7755.351      7932.599       233.551      2477.822      5043.977
 1960.83       'GI340'      7758.149      7927.067       230.967      2483.362      5043.820
 1960.92       'GI340'      7759.313      7927.591       229.294      2486.285      5043.735
 1961.00       'GI340'      7760.228      7930.255       228.005      2488.563      5043.659
 1961.08       'GI340'      7761.067      7934.294       226.972      2490.499      5043.597
 1961.17       'GI340'      7761.927      7938.497       226.122      2492.267      5043.538
 1961.25       'GI340'      7762.970      7941.091       225.227      2494.277      5043.467
 1961.33       'GI340'      7764.105      7942.354       224.262      2496.451      5043.394
 1961.42       'GI340'      7765.099      7945.328       223.435      2498.331      5043.333
 1961.50       'GI340'      7767.824      7949.747       221.813      2502.810      5043.201
 1961.58       'GI340'      7772.028      7950.447       217.568      2511.506      5042.953
 1961.67       'GI340'      7775.183      7960.567       215.475      2516.890      5042.817
 1961.75       'GI340'      7777.987      7969.838       213.961      2521.331      5042.696
 1961.83       'GI340'      7780.018      7972.851       212.385      2525.060      5042.573
 1961.92       'GI340'      7780.767      7983.829       211.985      2526.251      5042.530
 1962.00       'GI340'      7781.248      7994.667       211.876      2526.875      5042.497
 1962.08       'GI340'      7782.331      8001.304       211.863      2528.008      5042.459
 1962.17       'GI340'      7783.161      8008.653       211.898      2528.837      5042.426
 1962.25       'GI340'      7784.159      8014.708       212.048      2529.718      5042.394
 1962.33       'GI340'      7786.808      8013.373       212.356      2532.132      5042.320
 1962.42       'GI340'      7788.370      8017.617       212.394      2533.708      5042.269
 1962.50       'GI340'      7795.459      8003.576       211.010      2542.463      5041.986
 1962.58       'GI340'      7798.471      8009.737       209.356      2547.269      5041.846
 1962.67       'GI340'      7800.173      8019.485       208.548      2549.859      5041.766
 1962.75       'GI340'      7801.686      8030.011       208.300      2551.670      5041.715
 1962.83       'GI340'      7804.354      8031.358       207.907      2554.840      5041.607
 1962.92       'GI340'      7805.009      8040.427       207.797      2555.639      5041.573
 1963.00       'GI340'      7806.092      8044.813       207.786      2556.775      5041.531
 1963.08       'GI340'      7807.128      8051.847       207.830      2557.798      5041.500
 1963.17       'GI340'      7808.030      8058.013       207.932      2558.631      5041.467
 1963.25       'GI340'      7808.803      8063.905       208.071      2559.287      5041.445
 1963.33       'GI340'      7810.633      8065.527       208.454      2560.789      5041.390
 1963.42       'GI340'      7815.193      8058.598       208.825      2565.134      5041.234
 1963.50       'GI340'      7820.467      8049.894       207.019      2572.447      5041.001
 1963.58       'GI340'      7822.002      8058.350       206.435      2574.634      5040.933
 1963.67       'GI340'      7828.343      8036.903       197.994      2589.943      5040.406
 1963.75       'GI340'      7829.145      8031.559       190.300      2598.785      5040.061
 1963.83       'GI340'      7829.487      8036.735       188.179      2601.348      5039.959
 1963.92       'GI340'      7829.555      8048.927       187.802      2601.817      5039.937
 1964.00       'GI340'      7829.689      8060.042       187.651      2602.116      5039.922
 1964.08       'GI340'      7830.379      8066.313       187.511      2602.982      5039.886
 1964.17       'GI340'      7831.407      8068.851       187.332      2604.247      5039.827
 1964.25       'GI340'      7832.230      8073.626       187.206      2605.243      5039.781
 1964.33       'GI340'      7834.225      8073.710       187.056      2607.473      5039.696
 1964.42       'GI340'      7836.977      8070.682       186.440      2610.982      5039.554
 1964.50       'GI340'      7840.901      8077.781       185.727      2615.778      5039.396
 1964.58       'GI340'      7847.213      8056.567       177.282      2631.189      5038.742
 1964.67       'GI340'      7848.398      8051.409       168.640      2641.483      5038.275
 1964.75       'GI340'      7849.176      8049.436       162.547      2648.708      5037.921
 1964.83       'GI340'      7849.254      8050.736       159.505      2652.018      5037.730
 1964.92       'GI340'      7849.593      8055.284       158.081      2653.885      5037.627
 1965.00       'GI340'      7850.026      8060.734       157.097      2655.394      5037.536
 1965.08       'GI340'      7850.586      8067.704       156.494      2656.643      5037.449
 1965.17       'GI340'      7851.396      8074.109       156.136      2657.892      5037.367
 1965.25       'GI340'      7852.404      8079.524       155.945      2659.177      5037.281
 1965.33       'GI340'      7853.282      8084.138       155.878      2660.190      5037.214
 1965.42       'GI340'      7855.742      8092.756       156.104      2662.559      5037.079
 1965.50       'GI340'      7858.949      8108.068       156.531      2665.476      5036.942
 1965.58       'GI340'      7868.187      8103.778       157.378      2674.312      5036.497
 1965.67       'GI340'      7873.723      8090.077       151.726      2686.188      5035.808
 1965.75       'GI340'      7874.496      8108.297       149.996      2688.862      5035.638
 1965.83       'GI340'      7874.692      8132.310       150.006      2689.068      5035.618
 1965.92       'GI340'      7874.861      8154.158       150.086      2689.158      5035.617
 1966.00       'GI340'      7875.021      8173.864       150.183      2689.221      5035.617
 1966.08       'GI340'      7875.317      8191.543       150.343      2689.359      5035.614
 1966.17       'GI340'      7876.708      8205.622       151.294      2689.820      5035.593
 1966.25       'GI340'      7877.677      8218.747       152.015      2690.093      5035.570
 1966.33       'GI340'      7878.161      8231.498       152.392      2690.202      5035.567
 1966.42       'GI340'      7880.121      8242.772       153.712      2690.876      5035.533
 1966.50       'GI340'      7886.312      8247.837       158.129      2692.739      5035.443
 1966.58       'GI340'      7903.864      8232.063       169.757      2698.981      5035.127
 1966.67       'GI340'      7920.046      8214.256       176.091      2709.259      5034.697
 1966.75       'GI340'      7922.057      8224.907       176.517      2710.898      5034.642
 1966.83       'GI340'      7922.988      8235.197       176.840      2711.537      5034.610
 1966.92       'GI340'      7923.440      8245.682       177.005      2711.848      5034.588
 1967.00       'GI340'      7923.805      8255.188       177.169      2712.052      5034.584
 1967.08       'GI340'      7924.742      8262.230       177.634      2712.537      5034.571
 1967.17       'GI340'      7926.819      8264.424       178.728      2713.566      5034.525
 1967.25       'GI340'      7927.973      8270.010       179.403      2714.069      5034.501
 1967.33       'GI340'      7930.438      8271.837       180.799      2715.190      5034.449
 1967.42       'GI340'      7934.676      8272.317       182.922      2717.388      5034.366
 1967.50       'GI340'      7937.599      8278.625       184.220      2719.073      5034.306
 1967.58       'GI340'      7943.492      8280.421       186.871      2722.427      5034.194
 1967.67       'GI340'      7952.281      8275.335       190.095      2728.196      5033.991
 1967.75       'GI340'      7960.048      8269.347       191.094      2735.207      5033.747
 1967.83       'GI340'      7960.527      8278.991       191.144      2735.657      5033.727
 1967.92       'GI340'      7960.861      8288.314       191.210      2735.940      5033.711
 1968.00       'GI340'      7961.118      8296.823       191.284      2736.123      5033.711
 1968.08       'GI340'      7961.490      8304.369       191.406      2736.377      5033.707
 1968.17       'GI340'      7961.811      8310.991       191.560      2736.554      5033.696
 1968.25       'GI340'      7962.241      8316.860       191.763      2736.795      5033.683
 1968.33       'GI340'      7962.613      8322.336       191.969      2736.969      5033.675
 1968.42       'GI340'      7966.977      8319.304       194.102      2739.286      5033.588
 1968.50       'GI340'      7979.079      8300.716       197.525      2748.273      5033.281
 1968.58       'GI340'      7983.988      8302.492       197.250      2753.623      5033.115
 1968.67       'GI340'      7988.368      8305.229       197.257      2758.142      5032.969
 1968.75       'GI340'      7993.765      8305.246       196.068      2764.941      5032.757
 1968.83       'GI340'      7994.211      8316.013       195.986      2765.489      5032.736
 1968.92       'GI340'      7994.409      8326.241       196.001      2765.686      5032.722
 1969.00       'GI340'      7994.610      8335.626       196.042      2765.846      5032.722
 1969.08       'GI340'      7994.889      8344.034       196.115      2766.052      5032.722
 1969.17       'GI340'      7995.122      8351.485       196.211      2766.189      5032.722
 1969.25       'GI340'      7995.422      8358.136       196.339      2766.361      5032.722
 1969.33       'GI340'      7997.791      8359.165       197.347      2767.768      5032.675
 1969.42       'GI340'      8002.195      8358.402       198.947      2770.665      5032.583
 1969.50       'GI340'      8012.457      8346.833       201.056      2779.077      5032.323
 1969.58       'GI340'      8015.316      8357.155       201.196      2781.886      5032.234
 1969.67       'GI340'      8017.232      8368.283       201.513      2783.543      5032.177
 1969.75       'GI340'      8028.787      8344.261       200.099      2796.976      5031.712
 1969.83       'GI340'      8029.870      8354.451       199.410      2798.811      5031.649
 1969.92       'GI340'      8031.347      8358.077       198.959      2800.806      5031.583
 1970.00       'GI340'      8032.903      8357.996       198.346      2803.049      5031.508
 1970.08       'GI340'      8034.125      8359.683       197.826      2804.860      5031.439
 1970.17       'GI340'      8035.347      8360.999       197.317      2806.673      5031.357
 1970.25       'GI340'      8036.674      8361.141       196.727      2808.677      5031.270
 1970.33       'GI340'      8037.139      8368.693       196.524      2809.375      5031.240
 1970.42       'GI340'      8038.344      8377.021       196.452      2810.691      5031.200
 1970.50       'GI340'      8043.405      8371.939       195.913      2816.493      5031.000
 1970.58       'GI340'      8048.751      8357.932       191.268      2826.860      5030.624
 1970.67       'GI340'      8051.110      8363.493       188.754      2831.902      5030.455
 1970.75       'GI340'      8052.909      8372.639       187.144      2835.429      5030.335
 1970.83       'GI340'      8053.114      8386.810       187.064      2835.729      5030.320
 1970.92       'GI340'      8054.598      8392.563       187.055      2837.279      5030.264
 1971.00       'GI340'      8055.566      8402.102       187.104      2838.239      5030.224
 1971.08       'GI340'      8056.548      8410.750       187.293      2839.064      5030.190
 1971.17       'GI340'      8057.635      8418.180       187.572      2839.910      5030.153
 1971.25       'GI340'      8058.352      8425.622       187.830      2840.392      5030.129
 1971.33       'GI340'      8059.926      8430.301       188.390      2841.451      5030.084
 1971.42       'GI340'      8062.728      8433.960       189.396      2843.309      5030.023
 1971.50       'GI340'      8069.931      8427.763       191.389      2848.707      5029.834
 1971.58       'GI340'      8078.966      8412.243       190.810      2858.680      5029.476
 1971.67       'GI340'      8084.294      8396.645       184.212      2871.093      5028.989
 1971.75       'GI340'      8085.192      8397.740       181.271      2875.100      5028.822
 1971.83       'GI340'      8085.240      8403.195       180.587      2875.881      5028.772
 1971.92       'GI340'      8085.378      8411.094       180.449      2876.181      5028.748
 1972.00       'GI340'      8085.580      8419.055       180.333      2876.517      5028.730
 1972.08       'GI340'      8085.945      8426.414       180.243      2877.010      5028.693
 1972.17       'GI340'      8086.575      8433.475       180.252      2877.673      5028.650
 1972.25       'GI340'      8088.389      8437.322       180.428      2879.391      5028.570
 1972.33       'GI340'      8089.780      8441.947       180.575      2880.686      5028.519
 1972.42       'GI340'      8090.368      8449.239       180.666      2881.203      5028.500
 1972.50       'GI340'      8093.980      8451.882       181.324      2884.270      5028.386
 1972.58       'GI340'      8097.270      8457.937       181.759      2887.222      5028.288
 1972.67       'GI340'      8098.447      8471.205       181.976      2888.209      5028.263
 1972.75       'GI340'      8106.785      8469.742       183.967      2894.801      5028.017
 1972.83       'GI340'      8111.940      8466.888       183.935      2900.199      5027.806
 1972.92       'GI340'      8114.194      8470.842       183.710      2902.778      5027.706
 1973.00       'GI340'      8116.060      8476.969       183.656      2904.782      5027.621
 1973.08       'GI340'      8117.916      8483.915       183.770      2906.612      5027.535
 1973.17       'GI340'      8119.785      8491.445       184.040      2908.287      5027.458
 1973.25       'GI340'      8122.002      8497.101       184.490      2910.133      5027.379
 1973.33       'GI340'      8124.709      8500.175       185.070      2912.351      5027.288
 1973.42       'GI340'      8128.494      8501.068       185.698      2915.627      5027.168
 1973.50       'GI340'      8134.263      8498.697       185.930      2921.382      5026.951
 1973.58       'GI340'      8142.924      8489.068       182.853      2933.571      5026.500
 1973.67       'GI340'      8148.308      8482.070       176.027      2946.297      5025.983
 1973.75       'GI340'      8150.499      8485.612       171.603      2953.207      5025.689
 1973.83       'GI340'      8151.478      8495.538       170.753      2955.116      5025.608
 1973.92       'GI340'      8152.381      8507.405       170.515      2956.309      5025.557
 1974.00       'GI340'      8153.193      8521.978       170.557      2957.121      5025.515
 1974.08       'GI340'      8154.706      8535.291       170.939      2958.308      5025.459
 1974.17       'GI340'      8156.853      8547.353       171.743      2959.722      5025.388
 1974.25       'GI340'      8158.583      8559.312       172.467      2960.777      5025.338
 1974.33       'GI340'      8160.242      8569.207       173.255      2961.692      5025.295
 1974.42       'GI340'      8162.440      8577.260       174.284      2962.910      5025.246
 1974.50       'GI340'      8167.723      8581.002       176.828      2965.759      5025.136
 1974.58       'GI340'      8175.342      8584.782       179.850      2970.507      5024.985
 1974.67       'GI340'      8182.566      8588.513       182.316      2975.450      5024.800
 1974.75       'GI340'      8189.882      8596.468       184.595      2980.646      5024.642
 1974.83       'GI340'      8194.731      8600.607       185.933      2984.294      5024.505
 1974.92       'GI340'      8198.019      8607.633       186.840      2986.757      5024.421
 1975.00       'GI340'      8200.821      8616.389       187.736      2988.750      5024.335
 1975.08       'GI340'      8203.570      8625.629       188.717      2990.584      5024.270
 1975.17       'GI340'      8206.436      8634.324       189.840      2992.399      5024.197
 1975.25       'GI340'      8209.663      8641.661       191.194      2994.351      5024.118
 1975.33       'GI340'      8213.568      8646.010       192.798      2996.731      5024.040
 1975.42       'GI340'      8216.518      8651.614       193.968      2998.577      5023.974
 1975.50       'GI340'      8221.634      8656.881       195.651      3002.107      5023.876
 1975.58       'GI340'      8230.489      8658.749       197.955      3008.859      5023.675
 1975.67       'GI340'      8233.480      8686.412       198.663      3011.189      5023.628
 1975.75       'GI340'      8241.505      8703.268       201.684      3016.336      5023.485
 1975.83       'GI340'      8247.806      8714.379       204.222      3020.213      5023.371
 1975.92       'GI340'      8249.735      8738.929       205.151      3021.255      5023.329
 1976.00       'GI340'      8251.046      8761.731       205.961      3021.777      5023.308
 1976.08       'GI340'      8252.013      8782.828       206.610      3022.110      5023.293
 1976.17       'GI340'      8253.468      8801.330       207.490      3022.707      5023.270
 1976.25       'GI340'      8257.484      8810.392       210.088      3024.177      5023.220
 1976.33       'GI340'      8260.755      8821.992       212.138      3025.434      5023.183
 1976.42       'GI340'      8264.066      8835.996       214.113      3026.799      5023.154
 1976.50       'GI340'      8278.177      8829.681       222.564      3032.592      5023.021
 1976.58       'GI340'      8293.537      8825.797       229.953      3040.742      5022.843
 1976.67       'GI340'      8318.628      8793.771       235.696      3060.523      5022.408
 1976.75       'GI340'      8328.310      8779.521       230.826      3075.403      5022.081
 1976.83       'GI340'      8331.630      8776.464       226.975      3082.750      5021.905
 1976.92       'GI340'      8333.264      8779.488       224.977      3086.467      5021.820
 1977.00       'GI340'      8334.590      8784.857       223.618      3089.221      5021.751
 1977.08       'GI340'      8335.987      8791.107       222.624      3091.683      5021.681
 1977.17       'GI340'      8337.548      8796.707       221.820      3094.102      5021.625
 1977.25       'GI340'      8339.287      8801.058       221.141      3096.589      5021.557
 1977.33       'GI340'      8341.131      8804.699       220.589      3099.049      5021.493
 1977.42       'GI340'      8344.852      8804.987       219.464      3104.016      5021.371
 1977.50       'GI340'      8350.384      8801.133       216.774      3112.454      5021.156
 1977.58       'GI340'      8356.412      8795.134       211.132      3124.442      5020.837
 1977.67       'GI340'      8362.363      8784.515       200.546      3141.477      5020.339
 1977.75       'GI340'      8364.677      8784.069       193.704      3150.944      5020.029
 1977.83       'GI340'      8365.830      8792.579       192.102      3153.786      5019.943
 1977.92       'GI340'      8366.195      8803.045       191.572      3154.723      5019.900
 1978.00       'GI340'      8366.752      8815.978       191.378      3155.517      5019.857
 1978.08       'GI340'      8368.082      8829.581       191.413      3156.861      5019.808
 1978.17       'GI340'      8369.757      8842.849       191.763      3158.231      5019.763
 1978.25       'GI340'      8372.660      8850.421       192.581      3160.397      5019.683
 1978.33       'GI340'      8375.273      8857.734       193.327      3162.324      5019.622
 1978.42       'GI340'      8379.773      8862.433       194.594      3165.654      5019.526
 1978.50       'GI340'      8386.723      8863.374       196.318      3171.038      5019.367
 1978.58       'GI340'      8396.815      8861.634       197.082      3180.636      5019.097
 1978.67       'GI340'      8399.890      8876.822       197.149      3183.704      5019.037
 1978.75       'GI340'      8404.524      8885.902       197.924      3187.673      5018.928
 1978.83       'GI340'      8407.429      8898.123       198.540      3190.028      5018.860
 1978.92       'GI340'      8411.815      8904.205       199.600      3193.458      5018.758
 1979.00       'GI340'      8414.992      8914.384       200.483      3195.823      5018.686
 1979.08       'GI340'      8418.188      8924.971       201.544      3198.038      5018.605
 1979.17       'GI340'      8421.466      8935.769       202.748      3200.183      5018.535
 1979.25       'GI340'      8424.952      8945.122       204.143      3202.344      5018.466
 1979.33       'GI340'      8428.910      8951.575       205.719      3204.786      5018.405
 1979.42       'GI340'      8431.354      8966.093       206.605      3206.380      5018.368
 1979.50       'GI340'      8442.631      8962.455       210.694      3213.753      5018.184
 1979.58       'GI340'      8457.514      8962.194       214.203      3225.420      5017.891
 1979.67       'GI340'      8467.516      8954.006       212.433      3237.532      5017.550
 1979.75       'GI340'      8472.135      8960.981       211.328      3243.405      5017.402
 1979.83       'GI340'      8473.902      8975.590       211.123      3245.432      5017.348
 1979.92       'GI340'      8474.562      8993.899       211.190      3246.047      5017.324
 1980.00       'GI340'      8474.842      9015.606       211.290      3246.232      5017.319
 1980.08       'GI340'      8475.145      9038.573       211.432      3246.393      5017.319
 1980.17       'GI340'      8475.514      9062.296       211.617      3246.577      5017.319
 1980.25       'GI340'      8476.265      9086.300       212.044      3246.912      5017.309
 1980.33       'GI340'      8478.523      9105.186       213.347      3247.887      5017.289
 1980.42       'GI340'      8480.445      9126.247       214.597      3248.582      5017.266
 1980.50       'GI340'      8485.914      9142.248       217.857      3250.833      5017.225
 1980.58       'GI340'      8510.434      9133.035       231.031      3262.379      5017.023
 1980.67       'GI340'      8522.863      9136.378       237.059      3268.912      5016.892
 1980.75       'GI340'      8536.839      9131.534       242.238      3277.894      5016.707
 1980.83       'GI340'      8540.334      9146.132       243.354      3280.316      5016.664
 1980.92       'GI340'      8542.020      9161.169       244.109      3281.272      5016.639
 1981.00       'GI340'      8542.983      9175.823       244.618      3281.741      5016.624
 1981.08       'GI340'      8544.486      9188.463       245.377      3282.500      5016.609
 1981.17       'GI340'      8545.577      9200.119       246.014      3282.969      5016.595
 1981.25       'GI340'      8547.166      9209.826       246.943      3283.645      5016.578
 1981.33       'GI340'      8548.448      9219.666       247.633      3284.247      5016.568
 1981.42       'GI340'      8553.592      9222.725       250.496      3286.572      5016.524
 1981.50       'GI340'      8564.638      9218.576       255.822      3292.381      5016.435
 1981.58       'GI340'      8588.484      9189.841       263.870      3308.442      5016.172
 1981.67       'GI340'      8603.678      9173.593       261.921      3325.849      5015.908
 1981.75       'GI340'      8610.838      9174.521       259.240      3335.837      5015.762
 1981.83       'GI340'      8613.227      9183.211       258.118      3339.406      5015.701
 1981.92       'GI340'      8613.696      9196.771       258.019      3339.989      5015.689
 1982.00       'GI340'      8614.172      9209.355       258.016      3340.472      5015.684
 1982.08       'GI340'      8614.924      9220.902       258.059      3341.182      5015.684
 1982.17       'GI340'      8616.705      9227.499       258.373      3342.673      5015.660
 1982.25       'GI340'      8620.332      9225.611       259.024      3345.704      5015.604
 1982.33       'GI340'      8623.775      9224.406       259.427      3348.796      5015.552
 1982.42       'GI340'      8628.672      9223.540       259.784      3353.411      5015.477
 1982.50       'GI340'      8635.273      9218.963       259.270      3360.645      5015.359
 1982.58       'GI340'      8643.336      9224.085       258.183      3369.917      5015.236
 1982.67       'GI340'      8648.275      9240.229       257.878      3375.212      5015.186
 1982.75       'GI340'      8652.288      9249.986       257.792      3379.372      5015.125
 1982.83       'GI340'      8658.714      9242.634       257.303      3386.406      5015.004
 1982.92       'GI340'      8661.962      9241.381       256.525      3390.500      5014.937
 1983.00       'GI340'      8664.439      9242.548       255.804      3393.753      5014.882
 1983.08       'GI340'      8666.536      9245.338       255.186      3396.516      5014.834
 1983.17       'GI340'      8668.510      9248.364       254.661      3399.060      5014.790
 1983.25       'GI340'      8670.775      9249.790       254.077      3401.960      5014.738
 1983.33       'GI340'      8673.058      9250.289       253.430      3404.946      5014.682
 1983.42       'GI340'      8674.783      9255.519       252.962      3407.178      5014.643
 1983.50       'GI340'      8678.438      9264.109       252.618      3411.246      5014.574
 1983.58       'GI340'      8686.630      9268.025       251.247      3420.955      5014.428
 1983.67       'GI340'      8693.596      9279.912       250.504      3428.760      5014.332
 1983.75       'GI340'      8698.508      9291.519       250.197      3434.053      5014.258
 1983.83       'GI340'      8702.926      9295.291       249.843      3438.907      5014.176
 1983.92       'GI340'      8704.573      9306.951       249.828      3440.604      5014.142
 1984.00       'GI340'      8705.583      9318.342       249.971      3441.496      5014.116
 1984.08       'GI340'      8707.608      9325.248       250.333      3443.194      5014.081
 1984.17       'GI340'      8709.168      9332.680       250.675      3444.439      5014.055
 1984.25       'GI340'      8710.904      9338.959       251.154      3445.720      5014.029
 1984.33       'GI340'      8715.536      9336.620       252.279      3449.292      5013.964
 1984.42       'GI340'      8718.030      9342.759       252.763      3451.343      5013.924
 1984.50       'GI340'      8728.320      9332.162       254.019      3460.530      5013.771
 1984.58       'GI340'      8733.298      9343.930       254.120      3465.474      5013.703
 1984.67       'GI340'      8736.967      9356.477       254.327      3468.990      5013.650
 1984.75       'GI340'      8739.455      9370.003       254.676      3471.158      5013.621
 1984.83       'GI340'      8744.395      9372.407       255.702      3475.140      5013.552
 1984.92       'GI340'      8745.826      9383.040       256.036      3476.263      5013.527
 1985.00       'GI340'      8748.097      9388.115       256.605      3477.994      5013.498
 1985.08       'GI340'      8750.205      9396.126       257.170      3479.568      5013.467
 1985.17       'GI340'      8752.020      9403.091       257.721      3480.856      5013.441
 1985.25       'GI340'      8753.432      9409.916       258.213      3481.797      5013.422
 1985.33       'GI340'      8756.746      9411.469       259.398      3483.965      5013.383
 1985.42       'GI340'      8764.202      9405.562       261.562      3489.350      5013.290
 1985.50       'GI340'      8771.929      9404.570       262.597      3496.140      5013.192
 1985.58       'GI340'      8774.778      9416.907       263.040      3498.578      5013.161
 1985.67       'GI340'      8791.854      9393.544       262.487      3516.482      5012.885
 1985.75       'GI340'      8798.578      9388.690       258.947      3526.920      5012.712
 1985.83       'GI340'      8800.978      9395.187       257.577      3530.750      5012.650
 1985.92       'GI340'      8801.435      9409.552       257.353      3531.448      5012.633
 1986.00       'GI340'      8801.817      9422.642       257.304      3531.896      5012.618
 1986.08       'GI340'      8803.363      9429.732       257.382      3533.388      5012.592
 1986.17       'GI340'      8805.596      9433.322       257.514      3535.531      5012.550
 1986.25       'GI340'      8807.438      9438.127       257.635      3537.284      5012.518
 1986.33       'GI340'      8811.289      9437.676       257.914      3540.916      5012.459
 1986.42       'GI340'      8816.627      9432.978       257.788      3546.474      5012.366
 1986.50       'GI340'      8822.338      9443.595       257.645      3552.406      5012.287
 1986.58       'GI340'      8837.725      9418.252       251.445      3574.361      5011.918
 1986.67       'GI340'      8844.703      9409.728       242.538      3590.533      5011.632
 1986.75       'GI340'      8849.117      9407.369       235.893      3601.805      5011.419
 1986.83       'GI340'      8850.947      9407.113       231.777      3607.886      5011.284
 1986.92       'GI340'      8852.312      9411.143       229.619      3611.484      5011.209
 1987.00       'GI340'      8853.553      9416.094       227.947      3614.458      5011.149
 1987.08       'GI340'      8854.789      9422.761       226.754      3616.940      5011.095
 1987.17       'GI340'      8856.270      9428.959       225.825      3619.401      5011.043
 1987.25       'GI340'      8857.975      9434.093       225.048      3621.936      5010.990
 1987.33       'GI340'      8859.348      9438.503       224.501      3623.905      5010.942
 1987.42       'GI340'      8862.728      9448.180       223.933      3627.947      5010.848
 1987.50       'GI340'      8867.334      9464.438       223.658      3632.922      5010.754
 1987.58       'GI340'      8879.896      9460.953       223.047      3646.370      5010.479
 1987.67       'GI340'      8891.633      9443.165       214.945      3666.679      5010.009
 1987.75       'GI340'      8893.726      9460.802       212.347      3671.492      5009.886
 1987.83       'GI340'      8894.023      9486.232       212.280      3671.872      5009.872
 1987.92       'GI340'      8894.244      9509.389       212.330      3672.042      5009.872
 1988.00       'GI340'      8894.443      9530.266       212.411      3672.161      5009.872
 1988.08       'GI340'      8894.805      9549.062       212.540      3672.394      5009.871
 1988.17       'GI340'      8896.524      9563.866       213.410      3673.263      5009.852
 1988.25       'GI340'      8897.644      9577.698       214.054      3673.753      5009.836
 1988.33       'GI340'      8898.176      9591.103       214.397      3673.944      5009.835
 1988.42       'GI340'      8900.688      9602.932       215.641      3675.235      5009.812
 1988.50       'GI340'      8907.798      9608.468       219.584      3678.463      5009.750
 1988.58       'GI340'      8928.154      9590.575       229.905      3688.728      5009.521
 1988.67       'GI340'      8949.484      9569.008       234.622      3705.660      5009.202
 1988.75       'GI340'      8952.029      9580.363       234.789      3708.075      5009.165
 1988.83       'GI340'      8953.105      9590.954       234.970      3708.994      5009.141
 1988.92       'GI340'      8953.738      9601.774       235.095      3709.516      5009.127
 1989.00       'GI340'      8954.215      9611.528       235.231      3709.859      5009.125
 1989.08       'GI340'      8955.432      9618.676       235.633      3710.686      5009.113
 1989.17       'GI340'      8958.052      9620.511       236.574      3712.402      5009.076
 1989.25       'GI340'      8959.409      9625.924       237.151      3713.207      5009.052
 1989.33       'GI340'      8962.328      9627.399       238.316      3714.999      5009.013
 1989.42       'GI340'      8967.264      9627.649       239.958      3718.354      5008.952
 1989.50       'GI340'      8970.744      9634.400       240.891      3720.943      5008.910
 1989.58       'GI340'      8978.404      9635.685       243.069      3726.514      5008.821
 1989.67       'GI340'      8989.837      9629.634       245.327      3735.841      5008.669
 1989.75       'GI340'      8999.188      9623.973       245.206      3745.474      5008.507
 1989.83       'GI340'      8999.739      9633.760       245.182      3746.066      5008.491
 1989.92       'GI340'      9000.202      9643.230       245.212      3746.507      5008.483
 1990.00       'GI340'      9000.542      9651.840       245.262      3746.796      5008.483
 1990.08       'GI340'      9001.046      9659.475       245.355      3747.210      5008.481
 1990.17       'GI340'      9001.426      9666.081       245.478      3747.477      5008.471
 1990.25       'GI340'      9001.957      9671.957       245.642      3747.852      5008.463
 1990.33       'GI340'      9002.371      9677.380       245.811      3748.102      5008.458
 1990.42       'GI340'      9007.193      9673.882       247.453      3751.349      5008.392
 1990.50       'GI340'      9020.220      9656.385       249.525      3762.496      5008.199
 1990.58       'GI340'      9027.411      9656.956       248.836      3770.503      5008.072
 1990.67       'GI340'      9033.129      9659.724       248.474      3776.686      5007.969
 1990.75       'GI340'      9040.857      9659.350       246.762      3786.278      5007.817
 1990.83       'GI340'      9041.464      9670.097       246.615      3787.051      5007.798
 1990.92       'GI340'      9041.720      9680.338       246.599      3787.332      5007.789
 1991.00       'GI340'      9041.978      9689.771       246.620      3787.569      5007.789
 1991.08       'GI340'      9042.346      9698.239       246.671      3787.886      5007.789
 1991.17       'GI340'      9042.624      9705.678       246.746      3788.089      5007.789
 1991.25       'GI340'      9042.988      9712.320       246.851      3788.349      5007.789
 1991.33       'GI340'      9045.714      9713.408       247.629      3790.327      5007.758
 1991.42       'GI340'      9050.836      9712.276       248.791      3794.354      5007.691
 1991.50       'GI340'      9062.938      9700.021       249.929      3805.500      5007.508
 1991.58       'GI340'      9066.795      9709.716       249.795      3809.557      5007.443
 1991.67       'GI340'      9069.191      9720.381       249.927      3811.864      5007.400
 1991.75       'GI340'      9083.699      9694.604       247.308      3829.325      5007.066
 1991.83       'GI340'      9085.464      9703.695       246.350      3832.099      5007.015
 1991.92       'GI340'      9087.511      9707.064       245.644      3834.906      5006.961
 1992.00       'GI340'      9089.720      9706.021       244.664      3838.146      5006.910
 1992.08       'GI340'      9091.445      9706.900       243.819      3840.760      5006.867
 1992.17       'GI340'      9093.153      9707.490       242.972      3843.364      5006.817
 1992.25       'GI340'      9094.981      9706.949       242.000      3846.222      5006.759
 1992.33       'GI340'      9095.572      9714.134       241.660      3847.180      5006.733
 1992.42       'GI340'      9097.242      9722.050       241.383      3849.157      5006.703
 1992.50       'GI340'      9103.084      9717.139       240.006      3856.517      5006.561
 1992.58       'GI340'      9110.367      9702.744       234.556      3869.515      5006.295
 1992.67       'GI340'      9114.035      9707.876       231.676      3876.187      5006.172
 1992.75       'GI340'      9116.742      9716.821       229.806      3880.851      5006.085
 1992.83       'GI340'      9117.014      9730.795       229.688      3881.254      5006.072
 1992.92       'GI340'      9119.003      9736.360       229.475      3883.497      5006.031
 1993.00       'GI340'      9120.273      9745.560       229.381      3884.897      5005.995
 1993.08       'GI340'      9121.510      9753.902       229.445      3886.103      5005.963
 1993.17       'GI340'      9122.854      9760.995       229.588      3887.333      5005.932
 1993.25       'GI340'      9123.664      9768.109       229.749      3888.003      5005.912
 1993.33       'GI340'      9125.540      9772.483       230.133      3889.529      5005.878
 1993.42       'GI340'      9128.760      9775.970       230.818      3892.113      5005.829
 1993.50       'GI340'      9136.805      9769.732       231.915      3899.200      5005.690
 1993.58       'GI340'      9147.652      9754.063       230.303      3911.923      5005.426
 1993.67       'GI340'      9155.688      9736.763       222.941      3927.687      5005.060
 1993.75       'GI340'      9157.498      9736.932       219.687      3932.881      5004.930
 1993.83       'GI340'      9157.621      9741.888       218.877      3933.851      5004.892
 1993.92       'GI340'      9157.846      9749.686       218.699      3934.271      5004.876
 1994.00       'GI340'      9158.104      9757.396       218.521      3934.722      5004.861
 1994.08       'GI340'      9158.512      9764.300       218.326      3935.360      5004.825
 1994.17       'GI340'      9159.263      9770.922       218.214      3936.251      5004.797
 1994.25       'GI340'      9161.455      9774.278       218.118      3938.596      5004.741
 1994.33       'GI340'      9163.221      9778.616       218.080      3940.438      5004.703
 1994.42       'GI340'      9164.025      9785.852       218.103      3941.238      5004.684
 1994.50       'GI340'      9168.338      9788.721       218.378      3945.368      5004.592
 1994.58       'GI340'      9172.385      9795.454       218.551      3949.317      5004.516
 1994.67       'GI340'      9173.854      9809.768       218.708      3950.650      5004.495
 1994.75       'GI340'      9183.527      9809.886       220.388      3958.827      5004.312
 1994.83       'GI340'      9190.445      9806.190       220.243      3966.061      5004.141
 1994.92       'GI340'      9193.549      9809.830       219.912      3969.584      5004.053
 1995.00       'GI340'      9196.056      9815.972       219.768      3972.295      5003.992
 1995.08       'GI340'      9198.508      9823.031       219.802      3974.773      5003.932
 1995.17       'GI340'      9200.916      9830.734       220.005      3977.033      5003.878
 1995.25       'GI340'      9203.729      9836.549       220.393      3979.513      5003.823
 1995.33       'GI340'      9207.057      9839.510       220.894      3982.410      5003.752
 1995.42       'GI340'      9211.791      9840.261       221.395      3986.744      5003.651
 1995.50       'GI340'      9219.017      9836.906       221.416      3994.129      5003.472
 1995.58       'GI340'      9230.715      9825.704       217.987      4009.608      5003.120
 1995.67       'GI340'      9239.049      9815.807       210.299      4026.054      5002.696
 1995.75       'GI340'      9242.992      9816.979       204.794      4035.767      5002.431
 1995.83       'GI340'      9244.442      9826.499       203.681      4038.401      5002.361
 1995.92       'GI340'      9245.641      9838.126       203.291      4040.030      5002.319
 1996.00       'GI340'      9246.666      9852.526       203.227      4041.161      5002.278
 1996.08       'GI340'      9248.424      9865.887       203.460      4042.740      5002.225
 1996.17       'GI340'      9250.854      9877.827       204.074      4044.604      5002.176
 1996.25       'GI340'      9252.868      9889.543       204.695      4046.048      5002.125
 1996.33       'GI340'      9254.733      9899.372       205.382      4047.260      5002.091
 1996.42       'GI340'      9257.229      9907.484       206.291      4048.890      5002.047
 1996.50       'GI340'      9263.059      9911.067       208.540      4052.562      5001.957
 1996.58       'GI340'      9271.680      9915.076       211.202      4058.645      5001.833
 1996.67       'GI340'      9279.715      9918.387       213.355      4064.675      5001.684
 1996.75       'GI340'      9288.227      9926.197       215.438      4071.235      5001.554
 1996.83       'GI340'      9293.838      9929.579       216.654      4075.743      5001.441
 1996.92       'GI340'      9297.674      9936.149       217.471      4078.833      5001.369
 1997.00       'GI340'      9300.920      9944.448       218.285      4081.328      5001.308
 1997.08       'GI340'      9304.078      9953.255       219.184      4083.637      5001.257
 1997.17       'GI340'      9307.345      9961.520       220.223      4085.919      5001.202
 1997.25       'GI340'      9310.951      9968.399       221.474      4088.335      5001.143
 1997.33       'GI340'      9315.289      9972.307       222.943      4091.269      5001.077
 1997.42       'GI340'      9318.520      9977.763       224.001      4093.498      5001.020
 1997.50       'GI340'      9324.305      9983.646       225.525      4097.840      5000.939
 1997.58       'GI340'      9334.150      9986.180       227.620      4105.757      5000.774
 1997.67       'GI340'      9337.760     10015.788       228.325      4108.701      5000.734
 1997.75       'GI340'      9346.738     10033.655       231.397      4114.724      5000.617
 1997.83       'GI340'      9353.912     10044.950       234.099      4119.293      5000.521
 1997.92       'GI340'      9356.092     10070.177       235.101      4120.504      5000.487
 1998.00       'GI340'      9357.512     10093.616       235.966      4121.079      5000.466
 1998.08       'GI340'      9358.547     10115.367       236.652      4121.444      5000.451
 1998.17       'GI340'      9360.141     10134.613       237.545      4122.160      5000.435
 1998.25       'GI340'      9364.527     10144.162       240.250      4123.887      5000.391
 1998.33       'GI340'      9368.183     10155.618       242.425      4125.397      5000.360
 1998.42       'GI340'      9371.928     10169.957       244.501      4127.095      5000.332
 1998.50       'GI340'      9386.707     10163.901       252.949      4133.535      5000.224
 1998.58       'GI340'      9403.537     10159.709       260.725      4142.730      5000.082
 1998.67       'GI340'      9431.873     10126.186       267.772      4164.348      4999.753
 1998.75       'GI340'      9444.518     10108.499       263.285      4181.745      4999.488
 1998.83       'GI340'      9448.843     10104.211       259.404      4190.094      4999.345
 1998.92       'GI340'      9451.018     10106.386       257.235      4194.521      4999.262
 1999.00       'GI340'      9452.680     10111.077       255.724      4197.767      4999.188
 1999.08       'GI340'      9454.369     10116.826       254.586      4200.661      4999.122
 1999.17       'GI340'      9456.189     10121.919       253.629      4203.500      4999.060
 1999.25       'GI340'      9458.172     10125.811       252.783      4206.399      4998.990
 1999.33       'GI340'      9460.246     10129.128       252.076      4209.243      4998.927
 1999.42       'GI340'      9464.493     10128.924       250.671      4214.995      4998.827
 1999.50       'GI340'      9470.816     10123.976       247.483      4224.683      4998.651
 1999.58       'GI340'      9478.039     10115.746       240.909      4238.749      4998.381
 1999.67       'GI340'      9485.238     10102.930       229.221      4258.042      4997.976
 1999.75       'GI340'      9488.274     10100.085       221.191      4269.387      4997.697
 1999.83       'GI340'      9489.701     10107.938       219.249      4272.844      4997.609
 1999.92       'GI340'      9490.061     10117.942       218.584      4273.910      4997.566
 2000.00       'GI340'      9490.613     10130.439       218.287      4274.793      4997.532
 2000.08       'GI340'      9492.026     10143.672       218.192      4276.350      4997.485
 2000.17       'GI340'      9493.762     10156.705       218.403      4277.916      4997.443
 2000.25       'GI340'      9496.782     10163.788       219.001      4280.415      4997.367
 2000.33       'GI340'      9499.546     10170.858       219.577      4282.662      4997.308
 2000.42       'GI340'      9504.400     10175.324       220.597      4286.591      4997.213
 2000.50       'GI340'      9511.873     10175.865       221.983      4292.824      4997.067
 2000.58       'GI340'      9523.139     10173.425       222.265      4304.039      4996.835
 2000.67       'GI340'      9526.869     10189.187       222.244      4307.844      4996.782
 2000.75       'GI340'      9532.033     10198.331       222.918      4312.429      4996.687
 2000.83       'GI340'      9535.244     10210.790       223.491      4315.130      4996.623
 2000.92       'GI340'      9540.012     10216.548       224.484      4319.003      4996.524
 2001.00       'GI340'      9543.434     10226.521       225.320      4321.666      4996.449
 2001.08       'GI340'      9546.872     10236.930       226.342      4324.150      4996.380
 2001.17       'GI340'      9550.389     10247.554       227.516      4326.561      4996.312
 2001.25       'GI340'      9554.104     10256.718       228.887      4328.969      4996.248
 2001.33       'GI340'      9558.321     10262.962       230.438      4331.706      4996.178
 2001.42       'GI340'      9561.011     10278.387       231.317      4333.550      4996.144
 2001.50       'GI340'      9573.047     10274.570       235.408      4341.653      4995.985
 2001.58       'GI340'      9589.144     10274.149       239.138      4354.266      4995.740
 2001.67       'GI340'      9600.103     10264.026       237.561      4367.084      4995.458
 2001.75       'GI340'      9605.334     10270.652       236.498      4373.507      4995.329
 2001.83       'GI340'      9607.348     10285.939       236.312      4375.756      4995.280
 2001.92       'GI340'      9608.050     10305.290       236.395      4376.396      4995.258
 2002.00       'GI340'      9608.379     10328.201       236.517      4376.607      4995.254
 2002.08       'GI340'      9608.715     10352.269       236.679      4376.781      4995.254
 2002.17       'GI340'      9609.115     10376.912       236.885      4376.976      4995.254
 2002.25       'GI340'      9609.917     10401.661       237.329      4377.343      4995.245
 2002.33       'GI340'      9612.242     10420.620       238.617      4378.398      4995.228
 2002.42       'GI340'      9614.414     10441.218       240.003      4379.204      4995.207
 2002.50       'GI340'      9620.125     10457.163       243.257      4381.700      4995.169
 2002.58       'GI340'      9645.562     10448.084       256.440      4394.115      4995.008
 2002.67       'GI340'      9656.492     10454.569       261.584      4399.990      4994.917
 2002.75       'GI340'      9674.256     10443.045       268.507      4411.008      4994.741
 2002.83       'GI340'      9677.984     10457.321       269.648      4413.636      4994.700
 2002.92       'GI340'      9679.805     10471.848       270.448      4414.680      4994.677
 2003.00       'GI340'      9680.793     10486.189       270.972      4415.159      4994.662
 2003.08       'GI340'      9682.572     10498.408       271.812      4416.114      4994.646
 2003.17       'GI340'      9684.790     10508.596       272.912      4417.246      4994.632
 2003.25       'GI340'      9686.593     10517.604       273.955      4418.021      4994.617
 2003.33       'GI340'      9688.485     10526.298       274.982      4418.904      4994.599
 2003.42       'GI340'      9699.481     10515.994       280.368      4424.593      4994.520
 2003.50       'GI340'      9713.274     10499.807       285.533      4433.336      4994.405
 2003.58       'GI340'      9716.973     10514.134       286.457      4436.148      4994.368
 2003.67       'GI340'      9720.037     10530.044       287.248      4438.442      4994.347
 2003.75       'GI340'      9737.400     10511.890       292.005      4451.214      4994.181
 2003.83       'GI340'      9738.785     10525.534       292.222      4452.403      4994.160
 2003.92       'GI340'      9742.242     10532.114       292.893      4455.226      4994.123
 2004.00       'GI340'      9744.835     10538.819       293.425      4457.314      4994.095
