Mandan_HG.bin
    time        crpval         somsc         somtc      som1c(2)      som2c(2)         som3c

 1959.00       'GI340'      8010.000      8118.665       320.400      2460.672      5228.928
 1959.08       'GI340'      8010.563      8122.755       317.820      2463.870      5228.873
 1959.17       'GI340'      8011.136      8128.808       315.935      2466.372      5228.829
 1959.25       'GI340'      8011.767      8133.382       314.295      2468.682      5228.790
 1959.33       'GI340'      8012.368      8136.601       312.813      2470.803      5228.752
 1959.42       'GI340'      8013.510      8136.365       310.080      2474.743      5228.687
 1959.50       'GI340'      8015.334      8129.996       303.481      2483.306      5228.547
 1959.58       'GI340'      8015.325      8113.519       286.464      2500.635      5228.227
 1959.67       'GI340'      8012.143      8103.694       266.726      2517.547      5227.870
 1959.75       'GI340'      8010.944      8111.015       256.764      2526.517      5227.664
 1959.83       'GI340'      8010.688      8126.921       253.493      2529.614      5227.580
 1959.92       'GI340'      8010.780      8146.877       253.178      2530.036      5227.565
 1960.00       'GI340'      8010.972      8164.986       253.063      2530.348      5227.561
 1960.08       'GI340'      8011.325      8181.268       253.002      2530.762      5227.561
 1960.17       'GI340'      8012.271      8191.541       252.945      2531.788      5227.539
 1960.25       'GI340'      8014.271      8192.564       252.741      2534.062      5227.468
 1960.33       'GI340'      8016.187      8194.060       252.405      2536.384      5227.398
 1960.42       'GI340'      8019.384      8193.701       251.714      2540.373      5227.297
 1960.50       'GI340'      8023.611      8184.641       248.685      2547.829      5227.098
 1960.58       'GI340'      8027.838      8186.148       243.646      2557.324      5226.868
 1960.67       'GI340'      8030.696      8201.481       242.056      2561.859      5226.780
 1960.75       'GI340'      8032.767      8211.260       240.540      2565.545      5226.681
 1960.83       'GI340'      8035.488      8205.521       237.808      2571.162      5226.518
 1960.92       'GI340'      8036.609      8205.952       236.046      2574.133      5226.430
 1961.00       'GI340'      8037.488      8208.562       234.687      2576.448      5226.354
 1961.08       'GI340'      8038.296      8212.565       233.593      2578.415      5226.288
 1961.17       'GI340'      8039.127      8216.739       232.687      2580.214      5226.226
 1961.25       'GI340'      8040.141      8219.290       231.730      2582.254      5226.156
 1961.33       'GI340'      8041.239      8220.496       230.699      2584.461      5226.079
 1961.42       'GI340'      8042.198      8223.570       229.823      2586.355      5226.020
 1961.50       'GI340'      8044.842      8228.013       228.108      2590.850      5225.884
 1961.58       'GI340'      8048.924      8228.623       223.696      2599.600      5225.628
 1961.67       'GI340'      8052.039      8238.719       221.502      2605.046      5225.491
 1961.75       'GI340'      8054.792      8247.997       219.910      2609.517      5225.366
 1961.83       'GI340'      8056.769      8250.969       218.255      2613.274      5225.240
 1961.92       'GI340'      8057.503      8261.980       217.826      2614.481      5225.195
 1962.00       'GI340'      8057.978      8272.876       217.701      2615.116      5225.160
 1962.08       'GI340'      8059.051      8279.521       217.666      2616.264      5225.121
 1962.17       'GI340'      8059.873      8286.900       217.685      2617.104      5225.084
 1962.25       'GI340'      8060.866      8292.981       217.817      2617.995      5225.054
 1962.33       'GI340'      8063.491      8291.562       218.078      2620.440      5224.973
 1962.42       'GI340'      8065.023      8295.868       218.084      2622.022      5224.917
 1962.50       'GI340'      8071.982      8281.656       216.561      2630.795      5224.626
 1962.58       'GI340'      8074.944      8287.904       214.856      2635.607      5224.481
 1962.67       'GI340'      8076.634      8297.716       214.014      2638.223      5224.398
 1962.75       'GI340'      8078.135      8308.332       213.748      2640.041      5224.346
 1962.83       'GI340'      8080.774      8309.655       213.318      2643.223      5224.233
 1962.92       'GI340'      8081.425      8318.803       213.197      2644.029      5224.198
 1963.00       'GI340'      8082.502      8323.203       213.173      2645.176      5224.153
 1963.08       'GI340'      8083.537      8330.283       213.206      2646.208      5224.123
 1963.17       'GI340'      8084.441      8336.493       213.299      2647.049      5224.093
 1963.25       'GI340'      8085.208      8342.428       213.431      2647.712      5224.065
 1963.33       'GI340'      8087.030      8344.040       213.798      2649.224      5224.008
 1963.42       'GI340'      8091.562      8337.042       214.123      2653.590      5223.849
 1963.50       'GI340'      8096.754      8328.301       212.260      2660.886      5223.608
 1963.58       'GI340'      8098.277      8336.864       211.662      2663.077      5223.538
 1963.67       'GI340'      8104.485      8314.922       203.054      2678.439      5222.992
 1963.75       'GI340'      8105.167      8309.461       195.260      2687.269      5222.638
 1963.83       'GI340'      8105.475      8314.714       193.101      2689.841      5222.534
 1963.92       'GI340'      8105.528      8327.038       192.709      2690.309      5222.511
 1964.00       'GI340'      8105.642      8338.284       192.537      2690.609      5222.496
 1964.08       'GI340'      8106.265      8344.666       192.323      2691.485      5222.457
 1964.17       'GI340'      8107.191      8347.357       192.027      2692.767      5222.397
 1964.25       'GI340'      8107.927      8352.248       191.803      2693.777      5222.347
 1964.33       'GI340'      8109.734      8352.370       191.439      2696.036      5222.259
 1964.42       'GI340'      8112.297      8348.031       190.383      2699.814      5222.100
 1964.50       'GI340'      8116.162      8350.376       188.654      2705.611      5221.897
 1964.58       'GI340'      8120.310      8327.760       177.014      2722.146      5221.149
 1964.67       'GI340'      8120.221      8319.914       166.429      2733.194      5220.598
 1964.75       'GI340'      8120.016      8316.514       159.112      2740.725      5220.178
 1964.83       'GI340'      8119.654      8317.248       155.729      2743.958      5219.967
 1964.92       'GI340'      8119.762      8321.143       154.170      2745.734      5219.857
 1965.00       'GI340'      8119.980      8325.889       153.067      2747.152      5219.761
 1965.08       'GI340'      8120.335      8332.058       152.346      2748.323      5219.667
 1965.17       'GI340'      8120.907      8337.741       151.838      2749.490      5219.579
 1965.25       'GI340'      8121.643      8342.540       151.470      2750.691      5219.482
 1965.33       'GI340'      8122.306      8346.363       151.238      2751.658      5219.409
 1965.42       'GI340'      8124.276      8351.970       150.988      2754.037      5219.251
 1965.50       'GI340'      8127.129      8362.497       150.814      2757.237      5219.077
 1965.58       'GI340'      8134.197      8356.424       149.493      2766.156      5218.548
 1965.67       'GI340'      8137.213      8342.419       141.911      2777.556      5217.747
 1965.75       'GI340'      8137.485      8356.158       139.688      2780.265      5217.533
 1965.83       'GI340'      8137.601      8376.437       139.640      2780.452      5217.508
 1965.92       'GI340'      8137.714      8394.959       139.678      2780.530      5217.506
 1966.00       'GI340'      8137.824      8411.694       139.733      2780.585      5217.506
 1966.08       'GI340'      8138.045      8426.742       139.829      2780.713      5217.503
 1966.17       'GI340'      8139.016      8438.818       140.403      2781.132      5217.480
 1966.25       'GI340'      8139.716      8450.029       140.872      2781.386      5217.458
 1966.33       'GI340'      8140.062      8460.971       141.123      2781.487      5217.452
 1966.42       'GI340'      8141.562      8470.377       142.033      2782.114      5217.415
 1966.50       'GI340'      8146.401      8474.231       145.157      2783.932      5217.312
 1966.58       'GI340'      8159.110      8460.243       152.571      2789.610      5216.929
 1966.67       'GI340'      8170.401      8445.414       155.161      2798.822      5216.418
 1966.75       'GI340'      8171.943      8454.381       155.256      2800.336      5216.351
 1966.83       'GI340'      8172.631      8463.030       155.390      2800.931      5216.310
 1966.92       'GI340'      8172.972      8472.010       155.476      2801.212      5216.283
 1967.00       'GI340'      8173.235      8480.180       155.568      2801.389      5216.278
 1967.08       'GI340'      8173.918      8486.313       155.840      2801.817      5216.261
 1967.17       'GI340'      8175.392      8488.394       156.483      2802.698      5216.211
 1967.25       'GI340'      8176.190      8493.291       156.893      2803.116      5216.182
 1967.33       'GI340'      8177.969      8495.028       157.769      2804.075      5216.125
 1967.42       'GI340'      8181.485      8493.391       159.256      2806.221      5216.007
 1967.50       'GI340'      8183.956      8495.728       160.141      2807.899      5215.916
 1967.58       'GI340'      8188.375      8494.830       161.549      2811.072      5215.754
 1967.67       'GI340'      8194.438      8488.636       162.583      2816.372      5215.483
 1967.75       'GI340'      8199.537      8481.965       161.524      2822.864      5215.149
 1967.83       'GI340'      8199.847      8488.848       161.408      2823.319      5215.120
 1967.92       'GI340'      8200.072      8495.833       161.401      2823.573      5215.098
 1968.00       'GI340'      8200.245      8502.237       161.417      2823.733      5215.096
 1968.08       'GI340'      8200.496      8507.952       161.455      2823.951      5215.090
 1968.17       'GI340'      8200.685      8512.945       161.513      2824.097      5215.075
 1968.25       'GI340'      8200.953      8517.396       161.596      2824.299      5215.057
 1968.33       'GI340'      8201.171      8521.602       161.690      2824.443      5215.038
 1968.42       'GI340'      8203.988      8519.205       162.661      2826.404      5214.924
 1968.50       'GI340'      8212.558      8500.447       162.842      2835.249      5214.466
 1968.58       'GI340'      8215.957      8497.258       160.485      2841.312      5214.159
 1968.67       'GI340'      8218.396      8498.827       159.198      2845.241      5213.957
 1968.75       'GI340'      8221.561      8497.243       156.445      2851.476      5213.639
 1968.83       'GI340'      8221.802      8505.461       156.212      2851.983      5213.606
 1968.92       'GI340'      8221.890      8513.488       156.173      2852.131      5213.586
 1969.00       'GI340'      8222.011      8520.879       156.170      2852.255      5213.586
 1969.08       'GI340'      8222.196      8527.522       156.186      2852.426      5213.584
 1969.17       'GI340'      8222.334      8533.429       156.218      2852.531      5213.584
 1969.25       'GI340'      8222.516      8538.716       156.268      2852.664      5213.583
 1969.33       'GI340'      8223.966      8539.771       156.696      2853.747      5213.522
 1969.42       'GI340'      8227.194      8536.296       157.397      2856.418      5213.379
 1969.50       'GI340'      8234.906      8519.562       156.196      2865.837      5212.873
 1969.58       'GI340'      8236.602      8524.080       155.093      2868.796      5212.712
 1969.67       'GI340'      8237.457      8530.854       154.754      2870.072      5212.631
 1969.75       'GI340'      8242.534      8511.371       149.612      2880.971      5211.951
 1969.83       'GI340'      8243.074      8516.569       148.405      2882.836      5211.833
 1969.92       'GI340'      8243.748      8518.941       147.754      2884.251      5211.743
 1970.00       'GI340'      8244.403      8518.751       147.008      2885.755      5211.641
 1970.08       'GI340'      8244.937      8519.806       146.438      2886.950      5211.548
 1970.17       'GI340'      8245.513      8520.600       145.915      2888.142      5211.456
 1970.25       'GI340'      8246.174      8520.475       145.343      2889.479      5211.352
 1970.33       'GI340'      8246.429      8524.923       145.105      2890.017      5211.306
 1970.42       'GI340'      8247.176      8531.720       144.967      2890.956      5211.253
 1970.50       'GI340'      8250.442      8526.771       144.049      2895.435      5210.958
 1970.58       'GI340'      8253.662      8512.791       139.222      2904.092      5210.349
 1970.67       'GI340'      8255.268      8515.201       136.595      2908.615      5210.058
 1970.75       'GI340'      8256.557      8522.251       135.108      2911.578      5209.871
 1970.83       'GI340'      8256.684      8533.996       135.045      2911.794      5209.845
 1970.92       'GI340'      8257.715      8538.964       135.070      2912.870      5209.775
 1971.00       'GI340'      8258.365      8547.057       135.135      2913.503      5209.727
 1971.08       'GI340'      8259.037      8554.441       135.300      2914.045      5209.691
 1971.17       'GI340'      8259.776      8560.842       135.533      2914.593      5209.650
 1971.25       'GI340'      8260.276      8567.108       135.756      2914.897      5209.624
 1971.33       'GI340'      8261.387      8571.071       136.229      2915.588      5209.569
 1971.42       'GI340'      8263.680      8572.729       137.174      2917.030      5209.475
 1971.50       'GI340'      8269.829      8562.754       138.913      2921.765      5209.151
 1971.58       'GI340'      8276.282      8546.505       137.094      2930.652      5208.536
 1971.67       'GI340'      8278.510      8531.220       130.376      2940.379      5207.754
 1971.75       'GI340'      8278.646      8530.572       127.727      2943.444      5207.475
 1971.83       'GI340'      8278.466      8534.033       127.152      2943.914      5207.400
 1971.92       'GI340'      8278.540      8539.419       127.005      2944.152      5207.383
 1972.00       'GI340'      8278.633      8544.711       126.878      2944.408      5207.347
 1972.08       'GI340'      8278.777      8549.874       126.803      2944.673      5207.301
 1972.17       'GI340'      8279.109      8554.974       126.799      2945.052      5207.259
 1972.25       'GI340'      8280.108      8557.892       126.902      2946.049      5207.158
 1972.33       'GI340'      8281.084      8560.536       127.016      2946.986      5207.082
 1972.42       'GI340'      8281.523      8564.344       127.082      2947.389      5207.052
 1972.50       'GI340'      8284.452      8562.181       127.438      2950.191      5206.823
 1972.58       'GI340'      8287.241      8562.906       127.386      2953.241      5206.614
 1972.67       'GI340'      8288.049      8569.306       127.415      2954.067      5206.567
 1972.75       'GI340'      8292.770      8561.976       127.152      2959.488      5206.130
 1972.83       'GI340'      8294.928      8557.895       125.819      2963.307      5205.802
 1972.92       'GI340'      8295.669      8559.387       125.235      2964.762      5205.672
 1973.00       'GI340'      8296.317      8562.268       124.897      2965.846      5205.575
 1973.08       'GI340'      8297.008      8565.665       124.706      2966.833      5205.469
 1973.17       'GI340'      8297.737      8569.468       124.636      2967.723      5205.378
 1973.25       'GI340'      8298.662      8572.201       124.663      2968.718      5205.281
 1973.33       'GI340'      8299.822      8573.467       124.738      2969.907      5205.177
 1973.42       'GI340'      8301.652      8572.646       124.759      2971.891      5205.003
 1973.50       'GI340'      8304.980      8566.071       123.873      2976.520      5204.588
 1973.58       'GI340'      8308.696      8553.610       119.119      2985.824      5203.753
 1973.67       'GI340'      8309.701      8545.226       113.229      2993.557      5202.916
 1973.75       'GI340'      8310.029      8543.801       109.727      2997.905      5202.396
 1973.83       'GI340'      8310.434      8548.460       109.046      2999.135      5202.253
 1973.92       'GI340'      8310.834      8554.740       108.873      2999.788      5202.173
 1974.00       'GI340'      8311.230      8562.925       108.883      3000.221      5202.126
 1974.08       'GI340'      8311.918      8570.437       109.061      3000.805      5202.053
 1974.17       'GI340'      8312.841      8577.392       109.432      3001.443      5201.966
 1974.25       'GI340'      8313.697      8584.087       109.819      3001.983      5201.896
 1974.33       'GI340'      8314.563      8589.479       110.267      3002.459      5201.838
 1974.42       'GI340'      8315.852      8593.238       110.895      3003.194      5201.764
 1974.50       'GI340'      8319.454      8592.354       112.614      3005.297      5201.543
 1974.58       'GI340'      8324.616      8591.123       114.250      3009.137      5201.229
 1974.67       'GI340'      8328.251      8589.502       114.787      3012.606      5200.858
 1974.75       'GI340'      8331.895      8590.488       115.098      3016.231      5200.564
 1974.83       'GI340'      8333.543      8590.992       115.000      3018.201      5200.342
 1974.92       'GI340'      8334.554      8594.494       115.024      3019.310      5200.220
 1975.00       'GI340'      8335.463      8599.008       115.173      3020.167      5200.123
 1975.08       'GI340'      8336.426      8603.805       115.432      3020.974      5200.020
 1975.17       'GI340'      8337.487      8608.370       115.793      3021.766      5199.928
 1975.25       'GI340'      8338.674      8612.275       116.271      3022.577      5199.825
 1975.33       'GI340'      8340.219      8614.363       116.897      3023.606      5199.715
 1975.42       'GI340'      8341.617      8615.802       117.471      3024.546      5199.600
 1975.50       'GI340'      8345.057      8615.512       118.376      3027.304      5199.376
 1975.58       'GI340'      8349.687      8610.876       118.629      3032.134      5198.923
 1975.67       'GI340'      8351.299      8619.618       118.684      3033.780      5198.835
 1975.75       'GI340'      8354.698      8623.876       119.092      3037.062      5198.544
 1975.83       'GI340'      8357.115      8627.969       119.478      3039.305      5198.332
 1975.92       'GI340'      8357.695      8639.553       119.656      3039.765      5198.274
 1976.00       'GI340'      8358.048      8649.934       119.868      3039.930      5198.250
 1976.08       'GI340'      8358.337      8659.538       120.075      3040.043      5198.219
 1976.17       'GI340'      8358.902      8668.254       120.386      3040.330      5198.187
 1976.25       'GI340'      8360.297      8673.315       121.223      3040.943      5198.130
 1976.33       'GI340'      8361.650      8679.073       122.057      3041.523      5198.070
 1976.42       'GI340'      8363.325      8686.549       123.043      3042.277      5198.005
 1976.50       'GI340'      8370.960      8679.979       127.189      3046.072      5197.699
 1976.58       'GI340'      8378.063      8673.642       129.430      3051.366      5197.267
 1976.67       'GI340'      8385.546      8655.826       128.028      3061.068      5196.450
 1976.75       'GI340'      8387.917      8645.267       123.394      3068.758      5195.766
 1976.83       'GI340'      8388.486      8642.409       120.933      3072.126      5195.427
 1976.92       'GI340'      8388.812      8644.200       120.030      3073.494      5195.288
 1977.00       'GI340'      8389.145      8647.458       119.518      3074.442      5195.186
 1977.08       'GI340'      8389.591      8651.255       119.219      3075.292      5195.080
 1977.17       'GI340'      8390.162      8654.712       119.054      3076.112      5194.997
 1977.25       'GI340'      8390.838      8657.351       118.994      3076.947      5194.897
 1977.33       'GI340'      8391.655      8659.447       119.006      3077.849      5194.800
 1977.42       'GI340'      8393.548      8658.144       118.957      3080.000      5194.591
 1977.50       'GI340'      8396.562      8651.175       117.879      3084.566      5194.117
 1977.58       'GI340'      8398.674      8642.280       114.450      3090.812      5193.412
 1977.67       'GI340'      8399.579      8631.619       109.032      3098.062      5192.485
 1977.75       'GI340'      8399.411      8627.764       105.621      3101.901      5191.889
 1977.83       'GI340'      8399.736      8632.431       105.070      3102.916      5191.750
 1977.92       'GI340'      8399.734      8638.523       104.971      3103.080      5191.684
 1978.00       'GI340'      8399.912      8646.354       105.009      3103.265      5191.638
 1978.08       'GI340'      8400.478      8654.666       105.207      3103.696      5191.575
 1978.17       'GI340'      8401.209      8662.846       105.563      3104.129      5191.517
 1978.25       'GI340'      8402.496      8667.463       106.294      3104.786      5191.417
 1978.33       'GI340'      8403.743      8671.744       106.946      3105.466      5191.332
 1978.42       'GI340'      8406.305      8672.487       108.221      3106.919      5191.164
 1978.50       'GI340'      8410.525      8668.530       110.030      3109.674      5190.821
 1978.58       'GI340'      8415.885      8659.972       110.345      3115.378      5190.162
 1978.67       'GI340'      8417.552      8668.769       110.242      3117.266      5190.044
 1978.75       'GI340'      8419.758      8672.148       110.559      3119.378      5189.821
 1978.83       'GI340'      8420.849      8675.933       110.741      3120.412      5189.696
 1978.92       'GI340'      8422.166      8678.688       111.037      3121.581      5189.547
 1979.00       'GI340'      8423.116      8683.771       111.346      3122.329      5189.441
 1979.08       'GI340'      8424.131      8689.189       111.770      3123.025      5189.336
 1979.17       'GI340'      8425.236      8694.801       112.290      3123.700      5189.247
 1979.25       'GI340'      8426.456      8699.610       112.932      3124.375      5189.149
 1979.33       'GI340'      8427.973      8702.532       113.725      3125.201      5189.046
 1979.42       'GI340'      8429.293      8706.029       114.293      3126.031      5188.968
 1979.50       'GI340'      8435.007      8697.961       116.435      3130.045      5188.526
 1979.58       'GI340'      8439.932      8688.383       116.205      3135.849      5187.878
 1979.67       'GI340'      8441.273      8682.117       113.554      3140.495      5187.225
 1979.75       'GI340'      8442.561      8682.853       112.316      3143.382      5186.862
 1979.83       'GI340'      8443.021      8687.539       112.022      3144.254      5186.747
 1979.92       'GI340'      8443.104      8693.655       111.996      3144.403      5186.706
 1980.00       'GI340'      8443.158      8701.964       112.018      3144.448      5186.691
 1980.08       'GI340'      8443.239      8710.959       112.056      3144.492      5186.691
 1980.17       'GI340'      8443.346      8719.808       112.107      3144.547      5186.691
 1980.25       'GI340'      8443.562      8728.419       112.234      3144.656      5186.671
 1980.33       'GI340'      8444.278      8734.465       112.630      3145.010      5186.638
 1980.42       'GI340'      8444.878      8741.183       113.066      3145.212      5186.600
 1980.50       'GI340'      8446.535      8749.894       114.055      3145.940      5186.540
 1980.58       'GI340'      8456.119      8746.933       119.239      3150.741      5186.139
 1980.67       'GI340'      8460.702      8749.545       121.599      3153.261      5185.843
 1980.75       'GI340'      8465.313      8747.506       123.107      3156.767      5185.439
 1980.83       'GI340'      8466.703      8757.718       123.541      3157.812      5185.350
 1980.92       'GI340'      8467.253      8768.602       123.864      3158.081      5185.308
 1981.00       'GI340'      8467.629      8778.938       124.133      3158.214      5185.282
 1981.08       'GI340'      8468.289      8787.945       124.551      3158.478      5185.260
 1981.17       'GI340'      8468.825      8796.149       124.948      3158.632      5185.245
 1981.25       'GI340'      8469.561      8803.215       125.482      3158.856      5185.223
 1981.33       'GI340'      8470.231      8810.328       125.933      3159.108      5185.190
 1981.42       'GI340'      8472.964      8812.287       127.799      3160.063      5185.102
 1981.50       'GI340'      8479.586      8806.809       131.771      3162.948      5184.867
 1981.58       'GI340'      8490.464      8785.739       135.748      3170.473      5184.244
 1981.67       'GI340'      8495.581      8773.448       133.296      3178.664      5183.621
 1981.75       'GI340'      8498.229      8772.843       131.235      3183.742      5183.252
 1981.83       'GI340'      8499.005      8778.807       130.573      3185.315      5183.117
 1981.92       'GI340'      8499.179      8788.413       130.546      3185.544      5183.089
 1982.00       'GI340'      8499.391      8797.332       130.577      3185.754      5183.060
 1982.08       'GI340'      8499.760      8805.494       130.640      3186.089      5183.030
 1982.17       'GI340'      8500.537      8810.574       130.912      3186.638      5182.987
 1982.25       'GI340'      8502.056      8810.247       131.559      3187.610      5182.887
 1982.33       'GI340'      8503.541      8809.516       132.148      3188.601      5182.793
 1982.42       'GI340'      8506.156      8807.490       132.979      3190.544      5182.633
 1982.50       'GI340'      8510.146      8798.062       133.346      3194.512      5182.288
 1982.58       'GI340'      8514.578      8790.413       131.633      3201.150      5181.795
 1982.67       'GI340'      8516.899      8800.640       131.240      3203.982      5181.678
 1982.75       'GI340'      8518.734      8806.146       131.011      3206.215      5181.509
 1982.83       'GI340'      8520.872      8801.637       130.659      3208.953      5181.260
 1982.92       'GI340'      8521.768      8801.511       130.352      3210.278      5181.138
 1983.00       'GI340'      8522.485      8802.914       130.153      3211.292      5181.041
 1983.08       'GI340'      8523.140      8805.357       130.049      3212.136      5180.955
 1983.17       'GI340'      8523.812      8807.904       130.027      3212.911      5180.874
 1983.25       'GI340'      8524.644      8809.338       130.054      3213.811      5180.778
 1983.33       'GI340'      8525.568      8809.830       130.103      3214.779      5180.687
 1983.42       'GI340'      8526.523      8810.057       130.137      3215.798      5180.588
 1983.50       'GI340'      8528.722      8808.776       130.148      3218.186      5180.387
 1983.58       'GI340'      8532.330      8805.848       129.065      3223.298      5179.967
 1983.67       'GI340'      8534.969      8813.078       128.725      3226.467      5179.777
 1983.75       'GI340'      8537.298      8819.720       128.702      3228.987      5179.608
 1983.83       'GI340'      8539.227      8820.821       128.673      3231.132      5179.422
 1983.92       'GI340'      8539.829      8828.901       128.757      3231.714      5179.358
 1984.00       'GI340'      8540.186      8837.063       128.914      3231.952      5179.321
 1984.08       'GI340'      8541.027      8841.991       129.236      3232.523      5179.269
 1984.17       'GI340'      8541.698      8847.365       129.544      3232.929      5179.226
 1984.25       'GI340'      8542.479      8851.966       129.949      3233.340      5179.190
 1984.33       'GI340'      8544.532      8850.947       130.955      3234.495      5179.083
 1984.42       'GI340'      8545.899      8852.733       131.614      3235.288      5178.997
 1984.50       'GI340'      8552.072      8840.093       133.284      3240.208      5178.581
 1984.58       'GI340'      8554.687      8842.196       133.155      3243.173      5178.359
 1984.67       'GI340'      8556.066      8848.954       133.159      3244.664      5178.243
 1984.75       'GI340'      8557.382      8856.783       133.357      3245.855      5178.170
 1984.83       'GI340'      8559.576      8856.860       133.927      3247.634      5178.016
 1984.92       'GI340'      8560.082      8863.698       134.084      3248.026      5177.971
 1985.00       'GI340'      8560.927      8866.706       134.372      3248.638      5177.917
 1985.08       'GI340'      8561.742      8872.055       134.673      3249.203      5177.867
 1985.17       'GI340'      8562.446      8876.785       134.971      3249.648      5177.827
 1985.25       'GI340'      8563.051      8881.166       135.276      3249.980      5177.795
 1985.33       'GI340'      8564.458      8882.279       136.023      3250.712      5177.723
 1985.42       'GI340'      8568.116      8875.502       137.667      3252.952      5177.498
 1985.50       'GI340'      8572.943      8863.578       138.048      3257.785      5177.111
 1985.58       'GI340'      8574.195      8868.864       137.923      3259.276      5176.997
 1985.67       'GI340'      8578.989      8850.717       134.736      3267.975      5176.278
 1985.75       'GI340'      8579.840      8842.832       130.697      3273.377      5175.767
 1985.83       'GI340'      8580.185      8845.197       129.607      3274.959      5175.619
 1985.92       'GI340'      8580.203      8854.605       129.421      3275.205      5175.577
 1986.00       'GI340'      8580.312      8863.224       129.391      3275.359      5175.562
 1986.08       'GI340'      8580.854      8867.740       129.465      3275.874      5175.515
 1986.17       'GI340'      8581.652      8869.223       129.601      3276.609      5175.442
 1986.25       'GI340'      8582.311      8872.388       129.738      3277.199      5175.374
 1986.33       'GI340'      8583.734      8872.396       130.049      3278.419      5175.266
 1986.42       'GI340'      8585.828      8868.323       130.288      3280.476      5175.064
 1986.50       'GI340'      8589.168      8866.979       130.042      3284.349      5174.776
 1986.58       'GI340'      8593.030      8846.778       125.275      3293.888      5173.868
 1986.67       'GI340'      8593.338      8836.121       119.472      3300.742      5173.124
 1986.75       'GI340'      8593.390      8830.716       115.571      3305.222      5172.596
 1986.83       'GI340'      8593.162      8830.286       113.926      3306.897      5172.339
 1986.92       'GI340'      8593.320      8833.104       113.311      3307.795      5172.214
 1987.00       'GI340'      8593.553      8836.683       112.971      3308.468      5172.115
 1987.08       'GI340'      8593.891      8841.526       112.844      3309.021      5172.025
 1987.17       'GI340'      8594.387      8846.100       112.880      3309.568      5171.940
 1987.25       'GI340'      8595.043      8849.874       113.037      3310.160      5171.846
 1987.33       'GI340'      8595.670      8852.482       113.259      3310.648      5171.762
 1987.42       'GI340'      8597.399      8853.569       113.827      3312.001      5171.572
 1987.50       'GI340'      8600.161      8858.761       114.458      3314.382      5171.322
 1987.58       'GI340'      8605.441      8852.800       115.250      3319.457      5170.735
 1987.67       'GI340'      8607.681      8837.942       111.869      3326.004      5169.808
 1987.75       'GI340'      8607.661      8843.982       110.361      3327.802      5169.499
 1987.83       'GI340'      8607.729      8860.920       110.367      3327.895      5169.466
 1987.92       'GI340'      8607.812      8876.506       110.425      3327.929      5169.459
 1988.00       'GI340'      8607.902      8890.616       110.489      3327.953      5169.459
 1988.08       'GI340'      8608.072      8903.340       110.580      3328.034      5169.458
 1988.17       'GI340'      8608.854      8913.473       111.144      3328.276      5169.435
 1988.25       'GI340'      8609.438      8922.845       111.626      3328.405      5169.407
 1988.33       'GI340'      8609.725      8932.131       111.882      3328.447      5169.396
 1988.42       'GI340'      8611.041      8939.880       112.811      3328.876      5169.354
 1988.50       'GI340'      8615.181      8942.593       115.894      3330.055      5169.231
 1988.58       'GI340'      8625.245      8929.000       123.295      3333.144      5168.806
 1988.67       'GI340'      8633.887      8915.168       126.793      3338.847      5168.248
 1988.75       'GI340'      8635.151      8922.826       127.066      3339.916      5168.169
 1988.83       'GI340'      8635.691      8930.248       127.300      3340.271      5168.122
 1988.92       'GI340'      8635.975      8938.146       127.408      3340.472      5168.094
 1989.00       'GI340'      8636.189      8945.349       127.511      3340.590      5168.088
 1989.08       'GI340'      8636.744      8950.752       127.800      3340.873      5168.071
 1989.17       'GI340'      8637.932      8952.522       128.490      3341.427      5168.015
 1989.25       'GI340'      8638.570      8956.823       128.929      3341.657      5167.984
 1989.33       'GI340'      8640.020      8958.229       129.872      3342.228      5167.920
 1989.42       'GI340'      8643.082      8955.745       131.651      3343.649      5167.782
 1989.50       'GI340'      8645.295      8956.578       132.817      3344.812      5167.665
 1989.58       'GI340'      8648.862      8955.072       134.469      3346.908      5167.485
 1989.67       'GI340'      8653.598      8948.867       136.029      3350.377      5167.192
 1989.75       'GI340'      8657.440      8941.855       135.961      3354.651      5166.828
 1989.83       'GI340'      8657.670      8947.561       135.932      3354.952      5166.787
 1989.92       'GI340'      8657.852      8953.639       135.955      3355.134      5166.763
 1990.00       'GI340'      8657.990      8959.226       135.988      3355.242      5166.760
 1990.08       'GI340'      8658.199      8964.207       136.046      3355.400      5166.753
 1990.17       'GI340'      8658.345      8968.530       136.126      3355.488      5166.730
 1990.25       'GI340'      8658.570      8972.354       136.237      3355.624      5166.709
 1990.33       'GI340'      8658.749      8976.042       136.354      3355.709      5166.686
 1990.42       'GI340'      8660.887      8974.147       137.448      3356.867      5166.572
 1990.50       'GI340'      8667.625      8955.944       138.996      3362.547      5166.081
 1990.58       'GI340'      8670.430      8950.484       137.593      3367.122      5165.714
 1990.67       'GI340'      8672.145      8951.366       136.969      3369.673      5165.503
 1990.75       'GI340'      8674.398      8948.116       135.246      3374.006      5165.147
 1990.83       'GI340'      8674.562      8955.015       135.083      3374.373      5165.105
 1990.92       'GI340'      8674.617      8962.072       135.074      3374.460      5165.083
 1991.00       'GI340'      8674.711      8968.596       135.089      3374.540      5165.083
 1991.08       'GI340'      8674.863      8974.466       135.122      3374.661      5165.081
 1991.17       'GI340'      8674.969      8979.680       135.169      3374.722      5165.079
 1991.25       'GI340'      8675.117      8984.356       135.233      3374.807      5165.078
 1991.33       'GI340'      8676.229      8985.456       135.730      3375.478      5165.021
 1991.42       'GI340'      8678.765      8982.037       136.719      3377.172      5164.874
 1991.50       'GI340'      8684.971      8964.281       136.894      3383.764      5164.312
 1991.58       'GI340'      8686.227      8966.729       136.128      3385.977      5164.122
 1991.67       'GI340'      8686.809      8972.490       135.970      3386.802      5164.038
 1991.75       'GI340'      8690.046      8953.414       132.882      3393.836      5163.328
 1991.83       'GI340'      8690.316      8957.021       131.902      3395.228      5163.186
 1991.92       'GI340'      8690.772      8959.246       131.528      3396.148      5163.096
 1992.00       'GI340'      8691.194      8958.774       131.098      3397.106      5162.990
 1992.08       'GI340'      8691.548      8959.520       130.782      3397.861      5162.904
 1992.17       'GI340'      8691.938      8960.048       130.510      3398.608      5162.819
 1992.25       'GI340'      8692.397      8959.710       130.222      3399.448      5162.728
 1992.33       'GI340'      8692.556      8963.739       130.109      3399.766      5162.681
 1992.42       'GI340'      8693.153      8969.818       130.103      3400.427      5162.624
 1992.50       'GI340'      8695.688      8963.837       129.945      3403.442      5162.300
 1992.58       'GI340'      8697.545      8948.622       126.652      3409.244      5161.650
 1992.67       'GI340'      8698.473      8949.644       124.714      3412.423      5161.336
 1992.75       'GI340'      8699.326      8955.266       123.627      3414.565      5161.134
 1992.83       'GI340'      8699.409      8966.020       123.600      3414.702      5161.107
 1992.92       'GI340'      8700.231      8970.468       123.746      3415.443      5161.042
 1993.00       'GI340'      8700.748      8977.814       123.888      3415.866      5160.994
 1993.08       'GI340'      8701.297      8984.534       124.108      3416.230      5160.958
 1993.17       'GI340'      8701.904      8990.338       124.394      3416.593      5160.917
 1993.25       'GI340'      8702.320      8996.040       124.656      3416.775      5160.890
 1993.33       'GI340'      8703.250      8999.562       125.191      3417.223      5160.837
 1993.42       'GI340'      8705.242      9000.696       126.278      3418.226      5160.737
 1993.50       'GI340'      8710.402      8990.169       128.523      3421.484      5160.396
 1993.58       'GI340'      8715.180      8972.675       127.678      3427.761      5159.741
 1993.67       'GI340'      8715.527      8956.088       122.409      3434.188      5158.931
 1993.75       'GI340'      8715.058      8954.570       120.261      3436.160      5158.637
 1993.83       'GI340'      8714.735      8957.576       119.813      3436.363      5158.559
 1993.92       'GI340'      8714.750      8962.498       119.707      3436.502      5158.541
 1994.00       'GI340'      8714.770      8967.322       119.638      3436.631      5158.501
 1994.08       'GI340'      8714.830      8972.067       119.632      3436.742      5158.456
 1994.17       'GI340'      8715.055      8976.745       119.696      3436.947      5158.412
 1994.25       'GI340'      8715.808      8979.368       119.932      3437.550      5158.326
 1994.33       'GI340'      8716.580      8981.625       120.159      3438.168      5158.253
 1994.42       'GI340'      8716.961      8985.029       120.278      3438.465      5158.218
 1994.50       'GI340'      8719.324      8982.131       120.978      3440.365      5157.981
 1994.58       'GI340'      8721.535      8982.210       121.222      3442.551      5157.763
 1994.67       'GI340'      8722.187      8988.334       121.309      3443.162      5157.716
 1994.75       'GI340'      8725.731      8980.649       121.691      3446.753      5157.287
 1994.83       'GI340'      8727.137      8975.461       120.808      3449.390      5156.938
 1994.92       'GI340'      8727.540      8976.460       120.411      3450.329      5156.800
 1995.00       'GI340'      8727.933      8978.951       120.215      3451.013      5156.704
 1995.08       'GI340'      8728.397      8981.981       120.149      3451.636      5156.613
 1995.17       'GI340'      8728.916      8985.410       120.188      3452.195      5156.533
 1995.25       'GI340'      8729.604      8987.844       120.331      3452.828      5156.445
 1995.33       'GI340'      8730.447      8988.808       120.548      3453.558      5156.341
 1995.42       'GI340'      8731.831      8987.715       120.790      3454.871      5156.169
 1995.50       'GI340'      8734.157      8980.184       120.447      3457.962      5155.748
 1995.58       'GI340'      8735.938      8966.412       116.819      3464.193      5154.925
 1995.67       'GI340'      8735.135      8956.429       111.961      3469.080      5154.093
 1995.75       'GI340'      8734.287      8953.133       108.831      3471.914      5153.542
 1995.83       'GI340'      8734.342      8957.126       108.255      3472.693      5153.394
 1995.92       'GI340'      8734.557      8962.931       108.146      3473.095      5153.316
 1996.00       'GI340'      8734.838      8970.694       108.196      3473.375      5153.267
 1996.08       'GI340'      8735.354      8977.993       108.423      3473.734      5153.196
 1996.17       'GI340'      8736.077      8984.696       108.855      3474.107      5153.116
 1996.25       'GI340'      8736.783      8991.065       109.293      3474.444      5153.045
 1996.33       'GI340'      8737.511      8996.206       109.783      3474.737      5152.991
 1996.42       'GI340'      8738.607      8999.753       110.461      3475.229      5152.917
 1996.50       'GI340'      8741.693      8998.401       112.358      3476.637      5152.698
 1996.58       'GI340'      8746.017      8996.629       114.228      3479.398      5152.390
 1996.67       'GI340'      8748.771      8994.425       115.056      3481.688      5152.027
 1996.75       'GI340'      8751.645      8994.788       115.607      3484.300      5151.737
 1996.83       'GI340'      8752.778      8994.841       115.688      3485.573      5151.517
 1996.92       'GI340'      8753.501      8998.097       115.811      3486.294      5151.396
 1997.00       'GI340'      8754.185      9002.391       116.039      3486.840      5151.305
 1997.08       'GI340'      8754.946      9006.975       116.370      3487.358      5151.218
 1997.17       'GI340'      8755.812      9011.334       116.799      3487.875      5151.136
 1997.25       'GI340'      8756.792      9015.039       117.348      3488.395      5151.049
 1997.33       'GI340'      8758.074      9016.894       118.061      3489.072      5150.942
 1997.42       'GI340'      8759.218      9018.143       118.721      3489.668      5150.828
 1997.50       'GI340'      8762.108      9017.429       119.793      3491.707      5150.608
 1997.58       'GI340'      8765.672      9012.091       120.372      3495.133      5150.167
 1997.67       'GI340'      8767.020      9020.567       120.488      3496.449      5150.082
 1997.75       'GI340'      8769.730      9023.996       121.093      3498.835      5149.802
 1997.83       'GI340'      8771.647      9027.490       121.606      3500.448      5149.594
 1997.92       'GI340'      8772.105      9038.415       121.810      3500.757      5149.538
 1998.00       'GI340'      8772.393      9048.216       122.033      3500.846      5149.514
 1998.08       'GI340'      8772.634      9057.271       122.242      3500.908      5149.483
 1998.17       'GI340'      8773.109      9065.508       122.544      3501.115      5149.451
 1998.25       'GI340'      8774.301      9070.506       123.356      3501.546      5149.400
 1998.33       'GI340'      8775.517      9075.649       124.204      3501.969      5149.343
 1998.42       'GI340'      8777.016      9083.029       125.197      3502.537      5149.281
 1998.50       'GI340'      8783.690      9076.587       129.369      3505.331      5148.991
 1998.58       'GI340'      8789.813      9069.756       131.852      3509.391      5148.570
 1998.67       'GI340'      8795.385      9051.746       131.089      3516.490      5147.807
 1998.75       'GI340'      8796.266      9039.560       126.766      3522.378      5147.122
 1998.83       'GI340'      8796.105      9036.188       124.457      3524.857      5146.792
 1998.92       'GI340'      8796.113      9037.764       123.603      3525.859      5146.652
 1999.00       'GI340'      8796.231      9040.948       123.140      3526.536      5146.555
 1999.08       'GI340'      8796.496      9044.764       122.893      3527.139      5146.464
 1999.17       'GI340'      8796.886      9048.228       122.783      3527.721      5146.382
 1999.25       'GI340'      8797.383      9050.862       122.785      3528.306      5146.292
 1999.33       'GI340'      8798.004      9052.955       122.861      3528.944      5146.199
 1999.42       'GI340'      8799.460      9051.489       122.959      3530.502      5145.999
 1999.50       'GI340'      8801.545      9043.991       122.213      3533.780      5145.553
 1999.58       'GI340'      8802.290      9033.698       119.107      3538.317      5144.866
 1999.67       'GI340'      8801.376      9022.046       114.140      3543.244      5143.993
 1999.75       'GI340'      8799.986      9016.968       110.760      3545.829      5143.396
 1999.83       'GI340'      8800.016      9021.471       110.214      3546.545      5143.257
 1999.92       'GI340'      8799.936      9027.721       110.130      3546.615      5143.190
 2000.00       'GI340'      8800.036      9035.745       110.185      3546.706      5143.145
 2000.08       'GI340'      8800.500      9044.229       110.411      3547.006      5143.082
 2000.17       'GI340'      8801.129      9052.624       110.801      3547.306      5143.022
 2000.25       'GI340'      8802.271      9057.281       111.597      3547.743      5142.933
 2000.33       'GI340'      8803.381      9061.650       112.296      3548.231      5142.854
 2000.42       'GI340'      8805.639      9062.362       113.658      3549.285      5142.696
 2000.50       'GI340'      8809.271      9058.038       115.660      3551.240      5142.370
 2000.58       'GI340'      8813.473      9048.663       116.302      3555.417      5141.753
 2000.67       'GI340'      8814.889      9057.726       116.263      3556.976      5141.649
 2000.75       'GI340'      8816.715      9060.945       116.699      3558.575      5141.440
 2000.83       'GI340'      8817.605      9064.700       116.947      3559.340      5141.319
 2000.92       'GI340'      8818.693      9067.376       117.325      3560.191      5141.177
 2001.00       'GI340'      8819.500      9072.518       117.692      3560.730      5141.078
 2001.08       'GI340'      8820.393      9078.015       118.174      3561.230      5140.989
 2001.17       'GI340'      8821.382      9083.708       118.751      3561.724      5140.907
 2001.25       'GI340'      8822.496      9088.573       119.455      3562.215      5140.826
 2001.33       'GI340'      8823.884      9091.445       120.320      3562.836      5140.728
 2001.42       'GI340'      8825.098      9094.988       120.932      3563.508      5140.658
 2001.50       'GI340'      8830.147      9086.184       123.289      3566.614      5140.245
 2001.58       'GI340'      8834.025      9075.528       123.265      3571.129      5139.632
 2001.67       'GI340'      8834.265      9068.272       120.674      3574.582      5139.009
 2001.75       'GI340'      8834.935      9068.885       119.511      3576.750      5138.674
 2001.83       'GI340'      8835.215      9073.754       119.246      3577.400      5138.568
 2001.92       'GI340'      8835.248      9080.125       119.229      3577.490      5138.529
 2002.00       'GI340'      8835.288      9088.798       119.255      3577.517      5138.516
 2002.08       'GI340'      8835.359      9098.176       119.295      3577.548      5138.516
 2002.17       'GI340'      8835.458      9107.371       119.350      3577.591      5138.516
 2002.25       'GI340'      8835.661      9116.367       119.483      3577.680      5138.498
 2002.33       'GI340'      8836.308      9122.720       119.881      3577.958      5138.468
 2002.42       'GI340'      8836.924      9129.556       120.367      3578.128      5138.429
 2002.50       'GI340'      8838.462      9138.576       121.361      3578.724      5138.377
 2002.58       'GI340'      8847.378      9135.442       126.754      3582.612      5138.012
 2002.67       'GI340'      8850.983      9140.342       128.892      3584.313      5137.779
 2002.75       'GI340'      8856.096      9134.921       131.125      3587.632      5137.339
 2002.83       'GI340'      8857.350      9145.570       131.589      3588.504      5137.257
 2002.92       'GI340'      8857.888      9156.873       131.942      3588.730      5137.215
 2003.00       'GI340'      8858.255      9167.672       132.226      3588.830      5137.198
 2003.08       'GI340'      8858.955      9176.979       132.698      3589.088      5137.169
 2003.17       'GI340'      8859.779      9185.232       133.244      3589.395      5137.140
 2003.25       'GI340'      8860.490      9192.547       133.810      3589.560      5137.121
 2003.33       'GI340'      8861.396      9199.075       134.508      3589.798      5137.090
 2003.42       'GI340'      8866.523      9192.517       138.021      3591.586      5136.917
 2003.50       'GI340'      8873.947      9175.842       142.160      3595.257      5136.530
 2003.58       'GI340'      8876.432      9176.321       142.787      3597.302      5136.344
 2003.67       'GI340'      8877.484      9186.022       143.036      3598.157      5136.292
 2003.75       'GI340'      8883.098      9172.622       143.985      3603.301      5135.812
 2003.83       'GI340'      8883.507      9180.802       143.938      3603.814      5135.755
 2003.92       'GI340'      8884.461      9185.773       144.082      3604.690      5135.689
 2004.00       'GI340'      8885.164      9190.746       144.237      3605.289      5135.638
