                          bias(pi-oi)/n  %error(p-o)/o*100  (without initial year)
30cm DayCent; calibrated N2 	
1   Dalhart_N2   -57.428    -1.631  3157.527  3216.200  3311.798  3485.000  3452.286  3653.400  3541.957  3721.400  3569.228  3689.000  3584.907  3556.200  3624.499  3323.000
    Dalhart_N1  -132.758    -3.716  3157.054  3152.600  3301.716  3384.200  3426.769  3560.800  3505.175  3682.400  3532.419  3749.000  3568.164  3760.600  3586.198  3717.200

Calibrated Mead2_csb_LN
2 Mead2_csb_LN    0.365     0.007  5488.382  5601.000  5380.673  5310.000  5336.039  5293.000
   Mead2_cc_0N  236.895     4.756  5381.635  5273.000  5193.060  4962.000  5079.990  4709.000
   Mead2_cc_LN  331.958     6.454  5510.287  5380.000  5464.579  5100.000  5451.007  4950.000
   Mead2_cc_HN  377.601     7.104  5634.152  5472.000  5685.181  5317.000  5760.469  5158.000
   Mead2_sb_0N  202.842     3.636  5862.355  5749.000  5755.885  5587.000  5726.285  5400.000
   Mead2_sb_LN  368.492     6.789  5870.514  5583.000  5771.750  5415.000  5747.213  5286.000
   Mead2_sb_HN  351.694     6.448  5876.884  5600.000  5781.727  5388.000  5760.471  5376.000
   Mead2_sg_0N -144.628    -2.581  5631.715  5721.000  5431.677  5608.000  5310.724  5479.000
   Mead2_sg_LN  426.669     7.759  5909.025  5698.000  5924.405  5476.000  5944.577  5324.000
   Mead2_sg_HN  535.787     9.575  6016.775  5721.000  6129.326  5589.000  6248.259  5477.000
  Mead2_csb_0N -125.476    -2.339  5398.046  5501.000  5208.852  5331.000  5112.673  5264.000
  Mead2_csb_HN  110.056     2.053  5527.063  5485.000  5447.756  5293.000  5441.348  5308.000
 Mead2_sgsb_0N  123.274     2.458  5203.038  5221.000  5122.843  4953.000  5089.939  4872.000
 Mead2_sgsb_LN  241.544     4.750  5308.887  5249.000  5320.369  5035.000  5350.376  4971.000
 Mead2_sgsb_HN  325.151     6.416  5345.284  5245.000  5381.517  5011.000  5452.652  4948.000
Mead2_sbsg_oatClov_c_0N   180.085     3.270  5812.163  5566.000  5659.840  5468.000  5589.252  5487.000
Mead2_sbsg_oatClov_c_LN   100.368     1.843  5564.705  5558.000  5534.324  5403.000  5537.074  5374.000
Mead2_sbsg_oatClov_c_HN   122.804     2.212  5639.410  5608.000  5672.206  5495.000  5709.798  5550.000
Mead2_oatClov_sgsbc_0N  -148.856    -2.580  5769.370  5870.000  5591.467  5742.000  5502.594  5698.000
Mead2_oatClov_sgsbc_LN   153.359     2.685  5920.956  5781.000  5838.428  5701.000  5836.694  5654.000
Mead2_oatClov_sgsbc_HN   128.459     2.190  5998.288  5950.000  5955.683  5867.000  6028.408  5780.000

3                        bias(pi-oi)/n  %error(p-o)/o*100 
Wooster_ccc_ct -583.053   -14.315  3713.985  4367.700  3493.052  3629.650  3359.817  4588.750  3393.512  3706.480
Wooster_ccc_nt -426.710    -8.510  4618.418  5008.550  4600.248  4285.000  4546.059  5037.050  4584.723  5725.690
 Wooster_cb_ct  322.415    10.400  3619.102  3424.350  3382.937  3036.050  3265.496  2839.890
 Wooster_cb_nt  471.045    11.910  4533.036  3714.000  4437.319  3885.000  4308.061  4266.280
 
                     bias(pi-oi)/n  %error(p-o)/o*100  
4 ORpegn_NB_0N  190.062     4.711  4873.228  4923.000  4619.727  4493.000  4360.879  4400.000  4164.893  4247.000  4025.539  3965.000  3976.215  3790.300  3963.872  3552.600  3811.041  2904.000
 ORpegn_NB_N45  281.017     6.737  4825.278  4836.000  4682.939  4596.000  4533.249  4491.000  4348.183  4424.000  4290.440  4136.000  4288.549  3653.300  4198.779  3064.000
 ORpegn_NB_N90  230.276     5.497  4726.965  4859.000  4592.357  4618.000  4449.070  4409.000  4301.829  4365.000  4325.196  4190.000  4338.877  3916.400  4326.829  3859.200  4291.686  3294.000
  ORpegn_SB_0N  136.168     3.450  4720.682  4574.000  4448.123  4269.000  4178.926  4318.000  3980.230  4142.000  3841.615  3896.000  3776.115  3830.200  3633.684  2597.000
 ORpegn_SB_N45  286.918     7.198  4786.172  4808.000  4539.165  4378.000  4286.029  4272.000  4170.111  4131.000  4088.899  3874.000  4070.506  3744.000  3970.541  2696.000
 ORpegn_SB_N90  321.712     8.081  4759.195  4708.000  4551.837  4280.000  4358.204  4181.000  4210.112  4152.000  4128.413  3995.000  4108.440  3741.300  4005.085  2812.000
  ORpegn_FB_0N  334.340     8.792  4732.329  4644.000  4486.826  4215.000  4235.585  4245.000  4044.585  4001.000  3908.767  3702.000  3849.372  3471.900  3700.813  2339.000
ORpegn_NB_OmMN  254.513     5.203  5102.913  5088.000  5162.132  5307.000  5177.335  4939.000  5140.331  5080.000  5147.514  5018.000  5157.873  4277.400  5147.828  4461.600  5133.180  4962.000
ORpegn_NB_OmPV  223.495     4.982  5022.014  5048.000  4902.926  5063.000  4777.764  4701.000  4676.753  4615.000  4602.123  4449.000  4591.823  4102.400  4597.626  4137.700  4503.031  3770.000

5                     bias(pi-oi)/n  %error(p-o)/o*100  
FivePoints_CTNO  -135.445    -6.132  2076.276  2236.000  2076.276  2125.000  2067.113  2265.000
FivePoints_RTNO    -2.783    -0.124  2166.170  2267.000  2252.533  2058.000  2306.948  2409.000
FivePoints_RTCC  -503.187   -18.974  2049.627  2273.000  2162.417  2772.000  2234.397  2911.000
FivePoints_CTCC  -198.440    -7.833  2175.787  2257.000  2361.930  2707.000  2466.964  2636.000

6 
FortValley_ST_WW_0N   467.930    20.169  2834.130  2600.000  2741.730  2040.000
FortValley_ST_WW_60N  397.496    16.459  2834.130  2600.000  2790.862  2230.000
FortValley_ST_WW_120N 402.968    16.617  2834.130  2600.000  2821.806  2250.000
FortValley_ST_VR_0N   328.228    13.182  2832.494  2600.000  2803.961  2380.000
FortValley_ST_VR_60N  321.498    12.783  2832.494  2600.000  2840.502  2430.000
FortValley_ST_VR_120N 344.013    13.733  2832.494  2600.000  2865.533  2410.000
FortValley_ST_V_0N    365.252    14.908  2832.644  2600.000  2797.861  2300.000
FortValley_ST_V_60N   394.659    16.208  2832.644  2600.000  2826.674  2270.000
FortValley_ST_V_120N  338.320    13.506  2832.644  2600.000  2853.996  2410.000
FortValley_ST_R_0N    394.202    16.494  2832.757  2600.000  2735.647  2180.000
FortValley_ST_R_60N   375.328    15.414  2832.757  2600.000  2787.899  2270.000
FortValley_ST_R_120N  369.130    15.036  2832.757  2600.000  2815.503  2310.000
FortValley_NT_WW_0N   332.767    12.629  3059.081  2810.000  2876.453  2460.000
FortValley_NT_WW_60N  357.949    13.636  3059.081  2810.000  2906.817  2440.000
FortValley_NT_WW_120N 365.817    13.931  3059.081  2810.000  2924.553  2442.000
FortValley_NT_VR_0N   275.658    10.172  3057.861  2810.000  2913.454  2610.000
FortValley_NT_VR_60N  250.508     9.109  3057.861  2810.000  2943.155  2690.000
FortValley_NT_VR_120N 197.940     7.044  3057.861  2810.000  2958.018  2810.000
FortValley_NT_V_0N    268.568     9.892  3058.114  2810.000  2909.023  2620.000
FortValley_NT_V_60N   226.077     8.162  3058.114  2810.000  2934.039  2730.000
FortValley_NT_V_120N  321.836    12.009  3058.114  2810.000  2945.558  2550.000
FortValley_NT_R_0N    298.899    11.216  3058.244  2810.000  2869.553  2520.000
FortValley_NT_R_60N   240.477     8.777  3058.244  2810.000  2902.710  2670.000
FortValley_NT_R_120N  154.447     5.448  3058.244  2810.000  2920.649  2860.000
FortValley_CT_WW_0N   342.887    13.688  2909.153  2670.000  2786.622  2340.000
FortValley_CT_WW_60N  404.324    16.336  2909.153  2670.000  2849.495  2280.000
FortValley_CT_WW_120N 284.667    10.865  2909.153  2670.000  2900.181  2570.000
FortValley_CT_VR_0N   474.711    18.838  2907.432  2670.000  3081.990  2370.000
FortValley_CT_VR_60N  460.218    18.155  2907.432  2670.000  3083.005  2400.000
FortValley_CT_VR_120N 371.091    14.110  2907.432  2670.000  3094.751  2590.000
FortValley_CT_V_0N    402.559    15.787  2907.551  2670.000  2997.567  2430.000
FortValley_CT_V_60N   390.937    15.301  2907.551  2670.000  2984.322  2440.000
FortValley_CT_V_120N  302.727    11.445  2907.551  2670.000  2987.903  2620.000
FortValley_CT_R_0N    89.985     3.266  2907.684  2670.000  2782.286  2840.000
FortValley_CT_R_60N   287.704    11.130  2907.684  2670.000  2837.723  2500.000
FortValley_CT_R_120N  171.988     6.323  2907.684  2670.000  2876.291  2770.000
